wouldst 1
thou 1
to 1
rise 1
in 1
arms 1
the 1
greeks 1
advise 1
join 1
all 1
your 1
powers 1
in 1
arms 1
ye 1
greeks 1
arise 1
yet 1
would 1
your 1
powers 1
in 1
vain 1
our 1
strength 1
oppose 1
the 1
valiant 1
few 1
oermatch 1
a 1
host 1
of 1
foes 1
should 1
great 1
ulysses 1
stern 1
appear 1
in 1
arms 1
while 1
the 1
bowl 1
circles 1
and 1
the 1
banquet 1
warms 1
though 1
to 1
his 1
breast 1
his 1
spouse 1
with 1
transport 1
flies 1
torn 1
from 1
her 1
breast 1
that 1
hour 1
ulysses 1
dies 1
but 1
hence 1
retreating 1
to 1
your 1
domes 1
repair 1
to 1
arm 1
the 1
vessel 1
mentor 1
be 1
thy 1
care 1
and 1
halitherses 1
thine 1
be 1
each 1
his 1
friend 1
ye 1
loved 1
the 1
father 1
go 1
the 1
son 1
attend 1
but 1
yet 1
i 1
trust 1
the 1
boaster 1
means 1
to 1
stay 1
safe 1
in 1
the 1
court 1
nor 1
tempt 1
the 1
watery 1
way 1
then 1
with 1
a 1
rushing 1
sound 1
the 1
assembly 1
bend 1
diverse 1
their 1
steps 1
the 1
rival 1
rout 1
ascend 1
the 1
royal 1
dome 1
while 1
sad 1
the 1
prince 1
explores 1
the 1
neighbouring 1
main 1
and 1
sorrowing 1
treads 1
the 1
shores 1
there 1
as 1
the 1
waters 1
oer 1
his 1
hands 1
he 1
shed 1
the 1
royal 1
suppliant 1
to 1
minerva 1
prayd 1
o 1
goddess 1
who 1
descending 1
from 1
the 1
skies 1
vouchsafed 1
thy 1
presence 1
to 1
my 1
wondering 1
eyes 1
by 1
whose 1
commands 1
the 1
raging 1
deeps 1
i 1
trace 1
and 1
seek 1
my 1
sire 1
through 1
storms 1
and 1
rolling 1
seas 1
hear 1
from 1
thy 1
heavens 1
above 1
o 1
warrior 1
maid 1
descend 1
once 1
more 1
propitious 1
to 1
my 1
aid 1
without 1
thy 1
presence 1
vain 1
is 1
thy 1
command 1
greece 1
and 1
the 1
rival 1
train 1
thy 1
voice 1
withstand 1
indulgent 1
to 1
his 1
prayer 1
the 1
goddess 1
took 1
sage 1
mentors 1
form 1
and 1
thus 1
like 1
mentor 1
spoke 1
o 1
prince 1
in 1
early 1
youth 1
divinely 1
wise 1
born 1
the 1
ulysses 1
of 1
thy 1
age 1
to 1
rise 1
if 1
to 1
the 1
son 1
the 1
fathers 1
worth 1
descends 1
oer 1
the 1
wide 1
wave 1
success 1
thy 1
ways 1
attends 1
to 1
tread 1
the 1
walks 1
of 1
death 1
he 1
stood 1
prepared 1
and 1
what 1
he 1
greatly 1
thought 1
he 1
nobly 1
dared 1
were 1
not 1
wise 1
sons 1
descendant 1
of 1
the 1
wise 1
and 1
did 1
not 1
heroes 1
from 1
brave 1
heroes 1
rise 1
vain 1
were 1
my 1
hopes 1
few 1
sons 1
attain 1
the 1
praise 1
of 1
their 1
great 1
sires 1
and 1
most 1
their 1
sires 1
disgrace 1
but 1
since 1
thy 1
veins 1
paternal 1
virtue 1
fires 1
and 1
all 1
penelope 1
thy 1
soul 1
inspires 1
go 1
and 1
succeed 1
the 1
rivals 1
aims 1
despise 1
for 1
never 1
never 1
wicked 1
man 1
was 1
wise 1
blind 1
they 1
rejoice 1
though 1
now 1
evn 1
now 1
they 1
fall 1
death 1
hastes 1
amain 1
one 1
hour 1
oerwhelms 1
them 1
all 1
and 1
lo 1
with 1
speed 1
we 1
plough 1
the 1
watery 1
way 1
my 1
power 1
shall 1
guard 1
thee 1
and 1
my 1
hand 1
convey 1
the 1
winged 1
vessel 1
studious 1
i 1
prepare 1
through 1
seas 1
and 1
realms 1
companion 1
of 1
thy 1
care 1
thou 1
to 1
the 1
court 1
ascend 1
and 1
to 1
the 1
shores 1
when 1
night 1
advances 1
bear 1
the 1
naval 1
stores 1
bread 1
that 1
decaying 1
man 1
with 1
strength 1
supplies 1
and 1
generous 1
wine 1
which 1
thoughtful 1
sorrow 1
flies 1
meanwhile 1
the 1
mariners 1
by 1
my 1
command 1
shall 1
speed 1
aboard 1
a 1
valiant 1
chosen 1
band 1
wide 1
oer 1
the 1
bay 1
by 1
vessel 1
vessel 1
rides 1
the 1
best 1
i 1
choose 1
to 1
waft 1
then 1
oer 1
the 1
tides 1
she 1
spoke 1
to 1
his 1
high 1
dome 1
the 1
prince 1
returns 1
and 1
as 1
he 1
moves 1
with 1
royal 1
anguish 1
mourns 1
twas 1
riot 1
all 1
among 1
the 1
lawless 1
train 1
boar 1
bled 1
by 1
boar 1
and 1
goat 1
by 1
goat 1
lay 1
slain 1
arrived 1
his 1
hand 1
the 1
gay 1
antinous 1
pressd 1
and 1
thus 1
deriding 1
with 1
a 1
smile 1
addressd 1
grieve 1
not 1
o 1
daring 1
prince 1
that 1
noble 1
heart 1
ill 1
suits 1
gay 1
youth 1
the 1
stern 1
heroic 1
part 1
indulge 1
the 1
genial 1
hour 1
unbend 1
thy 1
soul 1
leave 1
thought 1
to 1
age 1
and 1
drain 1
the 1
flowing 1
bowl 1
studious 1
to 1
ease 1
thy 1
grief 1
our 1
care 1
provides 1
the 1
bark 1
to 1
waft 1
thee 1
oer 1
the 1
swelling 1
tides 1
is 1
this 1
returns 1
the 1
prince 1
for 1
mirth 1
a 1
time 1
when 1
lawless 1
gluttons 1
riot 1
mirths 1
a 1
crime 1
the 1
luscious 1
wines 1
dishonourd 1
lose 1
their 1
taste 1
the 1
song 1
is 1
noise 1
and 1
impious 1
is 1
the 1
feast 1
suffice 1
it 1
to 1
have 1
spent 1
with 1
swift 1
decay 1
the 1
wealth 1
of 1
kings 1
and 1
made 1
my 1
youth 1
a 1
prey 1
but 1
now 1
the 1
wise 1
instructions 1
of 1
the 1
sage 1
and 1
manly 1
thoughts 1
inspired 1
by 1
manly 1
age 1
teach 1
me 1
to 1
seek 1
redress 1
for 1
all 1
my 1
woe 1
here 1
or 1
in 1
pylein 1
pyle 1
or 1
here 1
your 1
foe 1
deny 1
your 1
vessels 1
ye 1
deny 1
in 1
vain 1
a 1
private 1
voyager 1
i 1
pass 1
the 1
main 1
free 1
breathe 1
the 1
winds 1
and 1
free 1
the 1
billows 1
flow 1
and 1
where 1
on 1
earth 1
i 1
live 1
i 1
live 1
your 1
foe 1
he 1
spoke 1
and 1
frownd 1
nor 1
longer 1
deignd 1
to 1
stay 1
sternly 1
his 1
hand 1
withdrew 1
and 1
strode 1
away 1
meantime 1
oer 1
all 1
the 1
dome 1
they 1
quaff 1
they 1
feast 1
derisive 1
taunts 1
were 1
spread 1
from 1
guest 1
to 1
guest 1
and 1
each 1
in 1
jovial 1
mood 1
his 1
mate 1
addressd 1
tremble 1
ye 1
not 1
o 1
friends 1
and 1
coward 1
fly 1
doomd 1
by 1
the 1
stern 1
telemachus 1
to 1
die 1
to 1
pyle 1
or 1
sparta 1
to 1
demand 1
supplies 1
big 1
with 1
revenge 1
the 1
mighty 1
warrior 1
flies 1
or 1
comes 1
from 1
ephyre 1
with 1
poisons 1
fraught 1
and 1
kills 1
us 1
all 1
in 1
one 1
tremendous 1
draught 1
or 1
who 1
can 1
say 1
his 1
gamesome 1
mate 1
replies 1
but 1
while 1
the 1
danger 1
of 1
the 1
deeps 1
he 1
tries 1
he 1
like 1
his 1
sire 1
may 1
sink 1
deprived 1
of 1
breath 1
and 1
punish 1
us 1
unkindly 1
by 1
his 1
death 1
what 1
mighty 1
labours 1
would 1
he 1
then 1
create 1
to 1
seize 1
his 1
treasures 1
and 1
divide 1
his 1
state 1
the 1
royal 1
palace 1
to 1
the 1
queen 1
convey 1
or 1
him 1
she 1
blesses 1
in 1
the 1
bridal 1
day 1
meantime 1
the 1
lofty 1
rooms 1
the 1
prince 1
surveys 1
where 1
lay 1
the 1
treasures 1
of 1
the 1
ithacian 1
race 1
here 1
ruddy 1
brass 1
and 1
gold 1
refulgent 1
blazed 1
there 1
polished 1
chests 1
embroiderd 1
vestures 1
graced 1
here 1
jars 1
of 1
oil 1
breathed 1
forth 1
a 1
rich 1
perfume 1
there 1
casks 1
of 1
wine 1
in 1
rows 1
adornd 1
the 1
dome 1
pure 1
flavorous 1
wine 1
by 1
gods 1
in 1
bounty 1
given 1
and 1
worthy 1
to 1
exalt 1
the 1
feasts 1
of 1
heaven 1
untouchd 1
they 1
stood 1
till 1
his 1
long 1
labours 1
oer 1
the 1
great 1
ulysses 1
reachd 1
his 1
native 1
shore 1
a 1
double 1
strength 1
of 1
bars 1
secured 1
the 1
gates 1
fast 1
by 1
the 1
door 1
the 1
wise 1
euryclea 1
waits 1
euryclea 1
who 1
great 1
ops 1
thy 1
lineage 1
shared 1
and 1
watchd 1
all 1
night 1
all 1
day 1
a 1
faithful 1
guard 1
to 1
whom 1
the 1
prince 1
o 1
thou 1
whose 1
guardian 1
care 1
nursed 1
the 1
most 1
wretched 1
king 1
that 1
breathes 1
the 1
air 1
untouchd 1
and 1
sacred 1
may 1
these 1
vessels 1
stand 1
till 1
great 1
ulysses 1
views 1
his 1
native 1
land 1
but 1
by 1
thy 1
care 1
twelve 1
urns 1
of 1
wine 1
be 1
filld 1
next 1
these 1
in 1
worth 1
and 1
firm 1
these 1
urns 1
be 1
seald 1
and 1
twice 1
ten 1
measures 1
of 1
the 1
choicest 1
flour 1
prepared 1
are 1
yet 1
descends 1
the 1
evening 1
hour 1
for 1
when 1
the 1
favouring 1
shades 1
of 1
night 1
arise 1
and 1
peaceful 1
slumbers 1
close 1
my 1
mothers 1
eyes 1
me 1
from 1
our 1
coast 1
shall 1
spreading 1
sails 1
convey 1
to 1
seek 1
ulysses 1
through 1
the 1
watery 1
way 1
while 1
yet 1
he 1
spoke 1
she 1
filld 1
the 1
walls 1
with 1
cries 1
and 1
tears 1
ran 1
trickling 1
from 1
her 1
aged 1
eyes 1
o 1
whither 1
whither 1
flies 1
my 1
son 1
she 1
cried 1
to 1
realms 1
that 1
rocks 1
and 1
roaring 1
seas 1
divide 1
in 1
foreign 1
lands 1
thy 1
fathers 1
days 1
decayd 1
and 1
foreign 1
lands 1
contain 1
the 1
mighty 1
dead 1
the 1
watery 1
way 1
illfated 1
if 1
thou 1
try 1
all 1
all 1
must 1
perish 1
and 1
by 1
fraud 1
you 1
die 1
then 1
stay 1
my 1
child 1
storms 1
beat 1
and 1
rolls 1
the 1
main 1
oh 1
beat 1
those 1
storms 1
and 1
roll 1
the 1
seas 1
in 1
vain 1
far 1
hence 1
replied 1
the 1
prince 1
thy 1
fears 1
be 1
driven 1
heaven 1
calls 1
me 1
forth 1
these 1
counsels 1
are 1
of 1
heaven 1
but 1
by 1
the 1
powers 1
that 1
hate 1
the 1
perjured 1
swear 1
to 1
keep 1
my 1
voyage 1
from 1
the 1
royal 1
ear 1
nor 1
uncompelld 1
the 1
dangerous 1
truth 1
betray 1
till 1
twice 1
six 1
times 1
descends 1
the 1
lamp 1
of 1
day 1
lest 1
the 1
sad 1
tale 1
a 1
mothers 1
life 1
impair 1
and 1
grief 1
destroy 1
what 1
time 1
awhile 1
would 1
spare 1
thus 1
he 1
the 1
matron 1
with 1
uplifted 1
eyes 1
attests 1
the 1
allseeing 1
sovereign 1
of 1
the 1
skies 1
then 1
studious 1
she 1
prepares 1
the 1
choicest 1
flour 1
the 1
strength 1
of 1
wheat 1
and 1
wines 1
an 1
ample 1
store 1
while 1
to 1
the 1
rival 1
train 1
the 1
prince 1
returns 1
the 1
martial 1
goddess 1
with 1
impatience 1
burns 1
like 1
thee 1
telemachus 1
in 1
voice 1
and 1
size 1
with 1
speed 1
divine 1
from 1
street 1
to 1
street 1
she 1
flies 1
she 1
bids 1
the 1
mariners 1
prepared 1
to 1
stand 1
when 1
night 1
descends 1
embodied 1
on 1
the 1
strand 1
then 1
to 1
noemon 1
swift 1
she 1
runs 1
she 1
flies 1
and 1
asks 1
a 1
bark 1
the 1
chief 1
a 1
bark 1
supplies 1
and 1
now 1
declining 1
with 1
his 1
sloping 1
wheels 1
down 1
sunk 1
the 1
sun 1
behind 1
the 1
western 1
hills 1
the 1
goddess 1
shoved 1
the 1
vessel 1
from 1
the 1
shores 1
and 1
stowd 1
within 1
its 1
womb 1
the 1
naval 1
stores 1
full 1
in 1
the 1
openings 1
of 1
the 1
spacious 1
main 1
it 1
rides 1
and 1
now 1
descends 1
the 1
sailortrain 1
next 1
to 1
the 1
court 1
impatient 1
of 1
delay 1
with 1
rapid 1
step 1
the 1
goddess 1
urged 1
her 1
way 1
there 1
every 1
eye 1
with 1
slumberous 1
chains 1
she 1
bound 1
and 1
dashd 1
the 1
flowing 1
goblet 1
to 1
the 1
ground 1
drowsy 1
they 1
rose 1
with 1
heavy 1
fumes 1
oppressd 1
reeld 1
from 1
the 1
palace 1
and 1
retired 1
to 1
rest 1
then 1
thus 1
in 1
mentors 1
reverend 1
form 1
arrayd 1
spoke 1
to 1
telemachus 1
the 1
martial 1
maid 1
lo 1
on 1
the 1
seas 1
prepared 1
the 1
vessel 1
stands 1
the 1
impatient 1
mariner 1
thy 1
speed 1
demands 1
swift 1
as 1
she 1
spoke 1
with 1
rapid 1
pace 1
she 1
leads 1
the 1
footsteps 1
of 1
the 1
deity 1
he 1
treads 1
swift 1
to 1
the 1
shore 1
they 1
move 1
along 1
the 1
strand 1
the 1
ready 1
vessel 1
rides 1
the 1
sailors 1
ready 1
stand 1
he 1
bids 1
them 1
bring 1
their 1
stores 1
the 1
attending 1
train 1
load 1
the 1
tall 1
bark 1
and 1
launch 1
into 1
the 1
main 1
the 1
prince 1
and 1
goddess 1
to 1
the 1
stern 1
ascend 1
to 1
the 1
strong 1
stroke 1
at 1
once 1
the 1
rowers 1
bend 1
full 1
from 1
the 1
west 1
she 1
bids 1
fresh 1
breezes 1
blow 1
the 1
sable 1
billows 1
foam 1
and 1
roar 1
below 1
the 1
chief 1
his 1
orders 1
gives 1
the 1
obedient 1
band 1
with 1
due 1
observance 1
wait 1
the 1
chiefs 1
command 1
with 1
speed 1
the 1
mast 1
they 1
rear 1
with 1
speed 1
unbind 1
the 1
spacious 1
sheet 1
and 1
stretch 1
it 1
to 1
the 1
wind 1
high 1
oer 1
the 1
roaring 1
waves 1
the 1
spreading 1
sails 1
bow 1
the 1
tall 1
mast 1
and 1
swell 1
before 1
the 1
gales 1
the 1
crooked 1
keel 1
the 1
parting 1
surge 1
divides 1
and 1
to 1
the 1
stern 1
retreating 1
roll 1
the 1
tides 1
and 1
now 1
they 1
ship 1
their 1
oars 1
and 1
crown 1
with 1
wine 1
the 1
holy 1
goblet 1
to 1
the 1
powers 1
divine 1
imploring 1
all 1
the 1
gods 1
that 1
reign 1
above 1
but 1
chief 1
the 1
blueeyed 1
progeny 1
of 1
jove 1
thus 1
all 1
the 1
night 1
they 1
stem 1
the 1
liquid 1
way 1
and 1
end 1
their 1
voyage 1
with 1
the 1
morning 1
ray 1
book 1
iii 1
argument 1
the 1
interview 1
of 1
telemachus 1
and 1
nestor 1
telemachus 1
guided 1
by 1
pallas 1
in 1
the 1
shape 1
of 1
mentor 1
arrives 1
in 1
the 1
morning 1
at 1
pylos 1
where 1
nestor 1
and 1
his 1
sons 1
are 1
sacrificing 1
on 1
the 1
seashore 1
to 1
neptune 1
telemachus 1
declares 1
the 1
occasion 1
of 1
his 1
coming 1
and 1
nestor 1
relates 1
what 1
passed 1
in 1
their 1
return 1
from 1
troy 1
how 1
their 1
fleets 1
were 1
separated 1
and 1
he 1
never 1
since 1
heard 1
of 1
ulysses 1
they 1
discourse 1
concerning 1
the 1
death 1
of 1
agamemnon 1
the 1
revenge 1
of 1
orestes 1
and 1
the 1
injuries 1
of 1
the 1
suitors 1
nestor 1
advises 1
him 1
to 1
go 1
to 1
sparta 1
and 1
inquire 1
further 1
of 1
menelaus 1
the 1
sacrifice 1
ending 1
with 1
the 1
night 1
minerva 1
vanishes 1
from 1
them 1
in 1
the 1
form 1
of 1
an 1
eagle 1
telemachus 1
is 1
lodged 1
in 1
the 1
palace 1
the 1
next 1
morning 1
they 1
sacrifice 1
a 1
bullock 1
to 1
minerva 1
and 1
telemachus 1
proceeds 1
on 1
his 1
journey 1
to 1
sparta 1
attended 1
by 1
pisistratus 1
the 1
scene 1
lies 1
on 1
the 1
seashore 1
of 1
pylos 1
the 1
sacred 1
sun 1
above 1
the 1
waters 1
raised 1
through 1
heavens 1
eternal 1
brazen 1
portals 1
blazed 1
and 1
wide 1
oer 1
earth 1
diffused 1
his 1
cheering 1
ray 1
to 1
gods 1
and 1
men 1
to 1
give 1
the 1
golden 1
day 1
now 1
on 1
the 1
coast 1
of 1
pyle 1
the 1
vessel 1
falls 1
before 1
old 1
neleus 1
venerable 1
walls 1
there 1
suppliant 1
to 1
the 1
monarch 1
of 1
the 1
flood 1
at 1
nine 1
green 1
theatres 1
the 1
pylians 1
stood 1
each 1
held 1
five 1
hundred 1
a 1
deputed 1
train 1
at 1
each 1
nine 1
oxen 1
on 1
the 1
sand 1
lay 1
slain 1
they 1
taste 1
the 1
entrails 1
and 1
the 1
altars 1
load 1
with 1
smoking 1
thighs 1
an 1
offering 1
to 1
the 1
god 1
full 1
for 1
the 1
port 1
the 1
ithacensians 1
stand 1
and 1
furl 1
their 1
sails 1
and 1
issue 1
on 1
the 1
land 1
telemachus 1
already 1
pressd 1
the 1
shore 1
not 1
first 1
the 1
power 1
of 1
wisdom 1
marchd 1
before 1
and 1
ere 1
the 1
sacrificing 1
throng 1
he 1
joind 1
admonishd 1
thus 1
his 1
wellattending 1
mind 1
proceed 1
my 1
son 1
this 1
youthful 1
shame 1
expel 1
an 1
honest 1
business 1
never 1
blush 1
to 1
tell 1
to 1
learn 1
what 1
fates 1
thy 1
wretched 1
sire 1
detain 1
we 1
passd 1
the 1
wide 1
immeasurable 1
main 1
meet 1
then 1
the 1
senior 1
far 1
renownd 1
for 1
sense 1
with 1
reverend 1
awe 1
but 1
decent 1
confidence 1
urge 1
him 1
with 1
truth 1
to 1
frame 1
his 1
fair 1
replies 1
and 1
sure 1
he 1
will 1
for 1
wisdom 1
never 1
lies 1
oh 1
tell 1
me 1
mentor 1
tell 1
me 1
faithful 1
guide 1
the 1
youth 1
with 1
prudent 1
modesty 1
replied 1
how 1
shall 1
i 1
meet 1
or 1
how 1
accost 1
the 1
sage 1
unskilld 1
in 1
speech 1
nor 1
yet 1
mature 1
of 1
age 1
awful 1
thapproach 1
and 1
hard 1
the 1
task 1
appears 1
to 1
question 1
wisely 1
men 1
of 1
riper 1
years 1
to 1
whom 1
the 1
martial 1
goddess 1
thus 1
rejoind 1
search 1
for 1
some 1
thoughts 1
thy 1
own 1
suggesting 1
mind 1
and 1
others 1
dictated 1
by 1
heavenly 1
power 1
shall 1
rise 1
spontaneous 1
in 1
the 1
needful 1
hour 1
for 1
nought 1
unprosperous 1
shall 1
thy 1
ways 1
attend 1
born 1
with 1
good 1
omens 1
and 1
with 1
heaven 1
thy 1
friend 1
she 1
spoke 1
and 1
led 1
the 1
way 1
with 1
swiftest 1
speed 1
as 1
swift 1
the 1
youth 1
pursued 1
the 1
way 1
she 1
led 1
and 1
joind 1
the 1
band 1
before 1
the 1
sacred 1
fire 1
where 1
sate 1
encompassd 1
with 1
his 1
sons 1
the 1
sire 1
the 1
youth 1
of 1
pylos 1
some 1
on 1
pointed 1
wood 1
transfixd 1
the 1
fragments 1
some 1
prepared 1
the 1
food 1
in 1
friendly 1
throngs 1
they 1
gather 1
to 1
embrace 1
their 1
unknown 1
guests 1
and 1
at 1
the 1
banquet 1
place 1
pisistratus 1
was 1
first 1
to 1
grasp 1
their 1
hands 1
and 1
spread 1
soft 1
hides 1
upon 1
the 1
yellow 1
sands 1
along 1
the 1
shore 1
the 1
illustrious 1
pair 1
he 1
led 1
where 1
nestor 1
sate 1
with 1
the 1
youthful 1
thrasymed 1
to 1
each 1
a 1
portion 1
of 1
the 1
feast 1
he 1
bore 1
and 1
held 1
the 1
golden 1
goblet 1
foaming 1
oer 1
then 1
first 1
approaching 1
to 1
the 1
elder 1
guest 1
the 1
latent 1
goddess 1
in 1
these 1
words 1
addressd 1
whoeer 1
thou 1
art 1
from 1
fortune 1
brings 1
to 1
keep 1
these 1
rites 1
of 1
neptune 1
monarch 1
of 1
the 1
deep 1
thee 1
first 1
it 1
fits 1
o 1
stranger 1
to 1
prepare 1
the 1
due 1
libation 1
and 1
the 1
solemn 1
prayer 1
then 1
give 1
thy 1
friend 1
to 1
shed 1
the 1
sacred 1
wine 1
though 1
much 1
thy 1
younger 1
and 1
his 1
years 1
like 1
mine 1
he 1
too 1
i 1
deem 1
implores 1
the 1
power 1
divine 1
for 1
all 1
mankind 1
alike 1
require 1
their 1
grace 1
all 1
born 1
to 1
want 1
a 1
miserable 1
race 1
he 1
spake 1
and 1
to 1
her 1
hand 1
preferrd 1
the 1
bowl 1
a 1
secret 1
pleasure 1
touchd 1
athenas 1
soul 1
to 1
see 1
the 1
preference 1
due 1
to 1
sacred 1
age 1
regarded 1
ever 1
by 1
the 1
just 1
and 1
sage 1
of 1
oceans 1
king 1
she 1
then 1
implores 1
the 1
grace 1
o 1
thou 1
whose 1
arms 1
this 1
ample 1
globe 1
embrace 1
fulfil 1
our 1
wish 1
and 1
let 1
thy 1
glory 1
shine 1
on 1
nestor 1
first 1
and 1
nestors 1
royal 1
line 1
next 1
grant 1
the 1
pylian 1
states 1
their 1
just 1
desires 1
pleased 1
with 1
their 1
hecatombs 1
ascending 1
fires 1
last 1
deign 1
telemachus 1
and 1
me 1
to 1
bless 1
and 1
crown 1
our 1
voyage 1
with 1
desired 1
success 1
thus 1
she 1
and 1
having 1
paid 1
the 1
rite 1
divine 1
gave 1
to 1
ulysses 1
son 1
the 1
rosy 1
wine 1
suppliant 1
he 1
prayd 1
and 1
now 1
the 1
victims 1
dressd 1
they 1
draw 1
divide 1
and 1
celebrate 1
the 1
feast 1
the 1
banquet 1
done 1
the 1
narrative 1
old 1
man 1
thus 1
mild 1
the 1
pleasing 1
conference 1
began 1
now 1
gentle 1
guests 1
the 1
genial 1
banquet 1
oer 1
it 1
fits 1
to 1
ask 1
ye 1
what 1
your 1
native 1
shore 1
and 1
whence 1
your 1
race 1
on 1
what 1
adventure 1
say 1
thus 1
far 1
you 1
wander 1
through 1
the 1
watery 1
way 1
relate 1
if 1
business 1
or 1
the 1
thirst 1
of 1
gain 1
engage 1
your 1
journey 1
oer 1
the 1
pathless 1
main 1
where 1
savage 1
pirates 1
seek 1
through 1
seas 1
unknown 1
the 1
lives 1
of 1
others 1
venturous 1
of 1
their 1
own 1
urged 1
by 1
the 1
precepts 1
by 1
the 1
goddess 1
given 1
and 1
filld 1
with 1
confidence 1
infused 1
from 1
heaven 1
the 1
youth 1
whom 1
pallas 1
destined 1
to 1
be 1
wise 1
and 1
famed 1
among 1
the 1
sons 1
of 1
men 1
replies 1
inquirst 1
thou 1
father 1
from 1
what 1
coast 1
we 1
came 1
oh 1
grace 1
and 1
glory 1
of 1
the 1
grecian 1
name 1
from 1
where 1
high 1
ithaca 1
oerlooks 1
the 1
floods 1
brown 1
with 1
oerarching 1
shades 1
and 1
pendent 1
woods 1
us 1
to 1
these 1
shores 1
our 1
filial 1
duty 1
draws 1
a 1
private 1
sorrow 1
not 1
a 1
public 1
cause 1
my 1
sire 1
i 1
seek 1
whereer 1
the 1
voice 1
of 1
fame 1
has 1
told 1
the 1
glories 1
of 1
his 1
noble 1
name 1
the 1
great 1
ulysses 1
famed 1
from 1
shore 1
to 1
shore 1
for 1
valour 1
much 1
for 1
hardy 1
suffering 1
more 1
long 1
time 1
with 1
thee 1
before 1
proud 1
ilions 1
wall 1
in 1
arms 1
he 1
fought 1
with 1
thee 1
beheld 1
her 1
fall 1
of 1
all 1
the 1
chiefs 1
this 1
heros 1
fate 1
alone 1
has 1
jove 1
reserved 1
unheard 1
of 1
and 1
unknown 1
whether 1
in 1
fields 1
by 1
hostile 1
fury 1
slain 1
or 1
sunk 1
by 1
tempests 1
in 1
the 1
gulfy 1
main 1
of 1
this 1
to 1
learn 1
oppressd 1
with 1
tender 1
fears 1
lo 1
at 1
thy 1
knee 1
his 1
suppliant 1
son 1
appears 1
if 1
or 1
thy 1
certain 1
eye 1
or 1
curious 1
ear 1
have 1
learnt 1
his 1
fate 1
the 1
whole 1
dark 1
story 1
clear 1
and 1
oh 1
whateer 1
heaven 1
destined 1
to 1
betide 1
let 1
neither 1
flattery 1
soothe 1
nor 1
pity 1
hide 1
prepared 1
i 1
stand 1
he 1
was 1
but 1
born 1
to 1
try 1
the 1
lot 1
of 1
man 1
to 1
suffer 1
and 1
to 1
die 1
oh 1
then 1
if 1
ever 1
through 1
the 1
ten 1
years 1
war 1
the 1
wise 1
the 1
good 1
ulysses 1
claimd 1
thy 1
care 1
if 1
eer 1
he 1
joind 1
thy 1
council 1
or 1
thy 1
sword 1
true 1
in 1
his 1
deed 1
and 1
constant 1
to 1
his 1
word 1
far 1
as 1
thy 1
mind 1
through 1
backward 1
time 1
can 1
see 1
search 1
all 1
thy 1
stores 1
of 1
faithful 1
memory 1
tis 1
sacred 1
truth 1
i 1
ask 1
and 1
ask 1
of 1
thee 1
to 1
him 1
experienced 1
nestor 1
thus 1
rejoind 1
o 1
friend 1
what 1
sorrows 1
dost 1
thou 1
bring 1
to 1
mind 1
shall 1
i 1
the 1
long 1
laborious 1
scene 1
review 1
and 1
open 1
all 1
the 1
wounds 1
of 1
greece 1
anew 1
what 1
toils 1
by 1
sea 1
where 1
dark 1
in 1
quest 1
of 1
prey 1
dauntless 1
we 1
roved 1
achilles 1
led 1
the 1
way 1
what 1
toils 1
by 1
land 1
where 1
mixd 1
in 1
fatal 1
fight 1
such 1
numbers 1
fell 1
such 1
heroes 1
sunk 1
to 1
night 1
there 1
ajax 1
great 1
achilles 1
there 1
the 1
brave 1
there 1
wise 1
patroclus 1
fill 1
an 1
early 1
grave 1
there 1
too 1
my 1
sonah 1
once 1
my 1
best 1
delight 1
once 1
swift 1
of 1
foot 1
and 1
terrible 1
in 1
fight 1
in 1
whom 1
stern 1
courage 1
with 1
soft 1
virtue 1
joind 1
a 1
faultless 1
body 1
and 1
a 1
blameless 1
mind 1
antilochuswhat 1
more 1
can 1
i 1
relate 1
how 1
trace 1
the 1
tedious 1
series 1
of 1
our 1
fate 1
not 1
added 1
years 1
on 1
years 1
my 1
task 1
could 1
close 1
the 1
long 1
historian 1
of 1
my 1
countrys 1
woes 1
back 1
to 1
thy 1
native 1
islands 1
mightst 1
thou 1
sail 1
and 1
leave 1
halfheard 1
the 1
melancholy 1
tale 1
nine 1
painful 1
years 1
on 1
that 1
detested 1
shore 1
what 1
stratagems 1
we 1
formd 1
what 1
toils 1
we 1
bore 1
still 1
labouring 1
on 1
till 1
scarce 1
at 1
last 1
we 1
found 1
great 1
jove 1
propitious 1
and 1
our 1
conquest 1
crownd 1
far 1
oer 1
the 1
rest 1
thy 1
mighty 1
father 1
shined 1
in 1
wit 1
in 1
prudence 1
and 1
in 1
force 1
of 1
mind 1
art 1
thou 1
the 1
son 1
of 1
that 1
illustrious 1
sire 1
with 1
joy 1
i 1
grasp 1
thee 1
and 1
with 1
love 1
admire 1
so 1
like 1
your 1
voices 1
and 1
your 1
words 1
so 1
wise 1
who 1
finds 1
thee 1
younger 1
must 1
consult 1
his 1
eyes 1
thy 1
sire 1
and 1
i 1
were 1
one 1
nor 1
varied 1
aught 1
in 1
public 1
sentence 1
or 1
in 1
private 1
thought 1
alike 1
to 1
council 1
or 1
the 1
assembly 1
came 1
with 1
equal 1
souls 1
and 1
sentiments 1
the 1
same 1
but 1
when 1
by 1
wisdom 1
won 1
proud 1
ilion 1
burnd 1
and 1
in 1
their 1
slips 1
the 1
conquering 1
greeks 1
returnd 1
twas 1
gods 1
high 1
will 1
the 1
victors 1
to 1
divide 1
and 1
turn 1
the 1
event 1
confounding 1
human 1
pride 1
some 1
be 1
destroyd 1
some 1
scatterd 1
as 1
the 1
dust 1
not 1
all 1
were 1
prudent 1
and 1
not 1
all 1
were 1
just 1
then 1
discord 1
sent 1
by 1
pallas 1
from 1
above 1
stern 1
daughter 1
of 1
the 1
great 1
avenger 1
jove 1
the 1
brotherkings 1
inspired 1
with 1
fell 1
debate 1
who 1
calld 1
to 1
council 1
all 1
the 1
achaian 1
state 1
but 1
calld 1
untimely 1
not 1
the 1
sacred 1
rite 1
observed 1
nor 1
heedful 1
of 1
the 1
setting 1
light 1
nor 1
herald 1
sword 1
the 1
session 1
to 1
proclaim 1
sour 1
with 1
debauch 1
a 1
reeling 1
tribe 1
the 1
came 1
to 1
these 1
the 1
cause 1
of 1
meeting 1
they 1
explain 1
and 1
menelaus 1
moves 1
to 1
cross 1
the 1
main 1
not 1
so 1
the 1
king 1
of 1
men 1
be 1
willd 1
to 1
stay 1
the 1
sacred 1
rites 1
and 1
hecatombs 1
to 1
pay 1
and 1
calm 1
minervas 1
wrath 1
oh 1
blind 1
to 1
fate 1
the 1
gods 1
not 1
lightly 1
change 1
their 1
love 1
or 1
hate 1
with 1
ireful 1
taunts 1
each 1
other 1
they 1
oppose 1
till 1
in 1
loud 1
tumult 1
all 1
the 1
greeks 1
arose 1
now 1
different 1
counsels 1
every 1
breast 1
divide 1
each 1
burns 1
with 1
rancour 1
to 1
the 1
adverse 1
side 1
the 1
unquiet 1
night 1
strange 1
projects 1
entertaind 1
so 1
jove 1
that 1
urged 1
us 1
to 1
our 1
fate 1
ordaind 1
we 1
with 1
the 1
rising 1
morn 1
our 1
ships 1
unmoord 1
and 1
brought 1
our 1
captives 1
and 1
our 1
stores 1
aboard 1
but 1
half 1
the 1
people 1
with 1
respect 1
obeyd 1
the 1
king 1
of 1
men 1
and 1
at 1
his 1
bidding 1
stayd 1
now 1
on 1
the 1
wings 1
of 1
winds 1
our 1
course 1
we 1
keep 1
for 1
god 1
had 1
smoothd 1
the 1
waters 1
of 1
the 1
deep 1
for 1
tenedos 1
we 1
spread 1
our 1
eager 1
oars 1
there 1
land 1
and 1
pay 1
due 1
victims 1
to 1
the 1
powers 1
to 1
bless 1
our 1
safe 1
return 1
we 1
join 1
in 1
prayer 1
but 1
angry 1
jove 1
dispersed 1
our 1
vows 1
in 1
air 1
and 1
raised 1
new 1
discord 1
then 1
so 1
heaven 1
decreed 1
ulysses 1
first 1
and 1
neator 1
disagreed 1
wise 1
as 1
he 1
was 1
by 1
various 1
counsels 1
awayd 1
he 1
there 1
though 1
late 1
to 1
please 1
the 1
monarch 1
stayd 1
but 1
i 1
determined 1
stem 1
the 1
foamy 1
floods 1
warnd 1
of 1
the 1
coming 1
fury 1
of 1
the 1
gods 1
with 1
us 1
tydides 1
feard 1
and 1
urged 1
his 1
haste 1
and 1
menelads 1
came 1
but 1
came 1
the 1
last 1
he 1
joind 1
our 1
vessels 1
in 1
the 1
lesbian 1
bay 1
while 1
yet 1
we 1
doubted 1
of 1
our 1
watery 1
way 1
if 1
to 1
the 1
right 1
to 1
urge 1
the 1
pilots 1
toil 1
the 1
safer 1
road 1
beside 1
the 1
psyrian 1
isle 1
or 1
the 1
straight 1
course 1
to 1
rocky 1
chios 1
plough 1
and 1
anchor 1
under 1
mimas 1
shaggy 1
brow 1
we 1
sought 1
direction 1
of 1
the 1
power 1
divine 1
the 1
god 1
propitious 1
gave 1
the 1
guiding 1
sign 1
through 1
the 1
mid 1
seas 1
he 1
bid 1
our 1
navy 1
steer 1
and 1
in 1
euboea 1
shun 1
the 1
woes 1
we 1
fear 1
the 1
whistling 1
winds 1
already 1
waked 1
the 1
sky 1
before 1
the 1
whistling 1
winds 1
the 1
vessels 1
fly 1
with 1
rapid 1
swiftness 1
cut 1
the 1
liquid 1
way 1
and 1
reach 1
gerestus 1
at 1
the 1
point 1
of 1
day 1
there 1
hecacombs 1
of 1
bulls 1
to 1
neptune 1
slain 1
highflaming 1
please 1
the 1
monarch 1
of 1
the 1
main 1
the 1
fourth 1
day 1
shone 1
when 1
all 1
their 1
labours 1
oer 1
tydides 1
vessels 1
touched 1
the 1
wishdfor 1
shore 1
but 1
i 1
to 1
pylos 1
scud 1
before 1
the 1
gales 1
the 1
god 1
still 1
breathing 1
on 1
my 1
swelling 1
sails 1
separate 1
from 1
all 1
i 1
safely 1
landed 1
here 1
their 1
fates 1
or 1
fortunes 1
never 1
reachd 1
my 1
ear 1
yet 1
what 1
i 1
learnd 1
attend 1
as 1
here 1
i 1
sat 1
and 1
askd 1
each 1
voyager 1
each 1
heros 1
fate 1
curious 1
to 1
know 1
and 1
willing 1
to 1
relate 1
safe 1
reachd 1
the 1
myrmidons 1
their 1
native 1
land 1
beneath 1
achilles 1
warlike 1
sons 1
command 1
those 1
whom 1
the 1
heir 1
of 1
great 1
apollos 1
art 1
brave 1
philoctetes 1
taught 1
to 1
wing 1
the 1
dart 1
and 1
those 1
whom 1
idomen 1
from 1
ilions 1
plain 1
had 1
led 1
securely 1
crossd 1
the 1
dreadful 1
main 1
how 1
agamemnon 1
touchd 1
his 1
argive 1
coast 1
and 1
how 1
his 1
life 1
by 1
fraud 1
and 1
force 1
he 1
lost 1
and 1
how 1
the 1
murderer 1
paid 1
his 1
forfeit 1
breath 1
what 1
lands 1
so 1
distant 1
from 1
that 1
scene 1
of 1
death 1
but 1
trembling 1
heard 1
the 1
fame 1
and 1
heard 1
admire 1
how 1
well 1
the 1
son 1
appeased 1
his 1
slaughterd 1
sire 1
evn 1
to 1
the 1
unhappy 1
that 1
unjustly 1
bleed 1
heaven 1
gives 1
posterity 1
to 1
avenge 1
the 1
deed 1
so 1
fell 1
aegysthus 1
and 1
mayest 1
thou 1
my 1
friend 1
on 1
whom 1
the 1
virtues 1
of 1
thy 1
sire 1
descend 1
make 1
future 1
times 1
thy 1
equal 1
act 1
adore 1
and 1
be 1
what 1
brave 1
orestes 1
was 1
before 1
the 1
prudent 1
youth 1
replied 1
o 1
thou 1
the 1
grace 1
and 1
lasting 1
glory 1
of 1
the 1
grecian 1
race 1
just 1
was 1
the 1
vengeance 1
and 1
to 1
latest 1
days 1
shall 1
long 1
posterity 1
resound 1
the 1
praise 1
some 1
god 1
this 1
arm 1
with 1
equal 1
prowess 1
bless 1
and 1
the 1
proud 1
suitors 1
shall 1
its 1
force 1
confess 1
injurious 1
men 1
who 1
while 1
my 1
soul 1
is 1
sore 1
of 1
fresh 1
affronts 1
are 1
meditating 1
more 1
but 1
heaven 1
denies 1
this 1
honour 1
to 1
my 1
hand 1
nor 1
shall 1
my 1
father 1
repossess 1
the 1
land 1
the 1
fathers 1
fortune 1
never 1
to 1
return 1
and 1
the 1
sad 1
sons 1
to 1
softer 1
and 1
to 1
mourn 1
thus 1
he 1
and 1
nestor 1
took 1
the 1
word 1
my 1
son 1
is 1
it 1
then 1
true 1
as 1
distant 1
rumours 1
run 1
that 1
crowds 1
of 1
rivals 1
for 1
thy 1
mothers 1
charms 1
thy 1
palace 1
fill 1
with 1
insults 1
and 1
alarms 1
say 1
is 1
the 1
fault 1
through 1
tame 1
submission 1
thine 1
or 1
leagued 1
against 1
thee 1
do 1
thy 1
people 1
join 1
moved 1
by 1
some 1
oracle 1
or 1
voice 1
divine 1
and 1
yet 1
who 1
knows 1
but 1
ripening 1
lies 1
in 1
fate 1
an 1
hour 1
of 1
vengeance 1
for 1
the 1
afflicted 1
state 1
when 1
great 1
ulysses 1
shall 1
suppress 1
these 1
harms 1
ulysses 1
singly 1
or 1
all 1
greece 1
in 1
arms 1
but 1
if 1
athena 1
wars 1
triumphant 1
maid 1
the 1
happy 1
son 1
will 1
as 1
the 1
father 1
aid 1
whose 1
fame 1
and 1
safety 1
was 1
her 1
constant 1
care 1
in 1
every 1
danger 1
and 1
in 1
every 1
war 1
never 1
on 1
man 1
did 1
heavenly 1
favour 1
shine 1
with 1
rays 1
so 1
strong 1
distinguishd 1
and 1
divine 1
as 1
those 1
with 1
which 1
minerva 1
markd 1
thy 1
sire 1
so 1
might 1
she 1
love 1
thee 1
so 1
thy 1
soul 1
inspire 1
soon 1
should 1
their 1
hopes 1
in 1
humble 1
dust 1
be 1
laid 1
and 1
long 1
oblivion 1
of 1
the 1
bridal 1
bed 1
ah 1
no 1
such 1
hope 1
the 1
prince 1
with 1
sighs 1
replies 1
can 1
touch 1
my 1
breast 1
that 1
blessing 1
heaven 1
denies 1
evn 1
by 1
celestial 1
favour 1
were 1
it 1
given 1
fortune 1
or 1
fate 1
would 1
cross 1
the 1
will 1
of 1
heaven 1
what 1
words 1
are 1
these 1
and 1
what 1
imprudence 1
thine 1
thus 1
interposed 1
the 1
martial 1
maid 1
divine 1
forgetful 1
youth 1
but 1
know 1
the 1
power 1
above 1
with 1
ease 1
can 1
save 1
each 1
object 1
of 1
his 1
love 1
wide 1
as 1
his 1
will 1
extends 1
his 1
boundless 1
grace 1
nor 1
lost 1
in 1
time 1
nor 1
circumscribed 1
by 1
place 1
happier 1
his 1
lot 1
who 1
many 1
sorrows 1
passd 1
long 1
labouring 1
gains 1
his 1
natal 1
shore 1
at 1
last 1
than 1
who 1
too 1
speedy 1
hastes 1
to 1
end 1
his 1
life 1
by 1
some 1
stern 1
ruffian 1
or 1
adulterous 1
wife 1
death 1
only 1
is 1
the 1
lot 1
which 1
none 1
can 1
miss 1
and 1
all 1
is 1
possible 1
to 1
heaven 1
but 1
this 1
the 1
best 1
the 1
dearest 1
favourite 1
of 1
the 1
sky 1
must 1
taste 1
that 1
cup 1
for 1
man 1
is 1
born 1
to 1
die 1
thus 1
checkd 1
replied 1
ulysses 1
prudent 1
heir 1
mentor 1
no 1
morethe 1
mournful 1
thought 1
forbear 1
for 1
he 1
no 1
more 1
must 1
draw 1
his 1
countrys 1
breath 1
already 1
snatchd 1
by 1
fate 1
and 1
the 1
black 1
doom 1
of 1
death 1
pass 1
we 1
to 1
other 1
subjects 1
and 1
engage 1
on 1
themes 1
remote 1
the 1
venerable 1
sage 1
who 1
thrice 1
has 1
seen 1
the 1
perishable 1
kind 1
of 1
men 1
decay 1
and 1
through 1
three 1
ages 1
shined 1
like 1
gods 1
majestic 1
and 1
like 1
gods 1
in 1
mind 1
for 1
much 1
he 1
knows 1
and 1
just 1
conclusions 1
draws 1
from 1
various 1
precedents 1
and 1
various 1
laws 1
o 1
son 1
of 1
neleus 1
awful 1
nestor 1
tell 1
how 1
he 1
the 1
mighty 1
agamemnon 1
fell 1
by 1
what 1
strange 1
fraud 1
aegysthus 1
wrought 1
relate 1
by 1
force 1
he 1
could 1
not 1
such 1
a 1
heros 1
fate 1
live 1
menelaus 1
not 1
in 1
greece 1
or 1
where 1
was 1
then 1
the 1
martial 1
brothers 1
pious 1
care 1
condemnd 1
perhaps 1
some 1
foreign 1
short 1
to 1
tread 1
or 1
sure 1
aegysthus 1
had 1
not 1
dared 1
the 1
deed 1
to 1
whom 1
the 1
full 1
of 1
days 1
illustrious 1
youth 1
attend 1
though 1
partly 1
thou 1
hast 1
guessd 1
the 1
truth 1
for 1
had 1
the 1
martial 1
menelaus 1
found 1
the 1
ruffian 1
breathing 1
yet 1
on 1
argive 1
ground 1
nor 1
earth 1
had 1
bid 1
his 1
carcase 1
from 1
the 1
skies 1
nor 1
grecian 1
virgins 1
shriekd 1
his 1
obsequies 1
but 1
fowls 1
obscene 1
dismemberd 1
his 1
remains 1
and 1
dogs 1
had 1
torn 1
him 1
on 1
the 1
naked 1
plains 1
while 1
us 1
the 1
works 1
of 1
bloody 1
mars 1
employd 1
the 1
wanton 1
youth 1
inglorious 1
peace 1
enjoyd 1
he 1
stretchd 1
at 1
ease 1
in 1
argos 1
calm 1
recess 1
whose 1
stately 1
steeds 1
luxuriant 1
pastures 1
bless 1
with 1
flatterys 1
insinuating 1
art 1
soothed 1
the 1
frail 1
queen 1
and 1
poisond 1
all 1
her 1
heard 1
at 1
first 1
with 1
the 1
worthy 1
shame 1
and 1
decent 1
pride 1
the 1
royal 1
dame 1
his 1
lawless 1
suit 1
denied 1
for 1
virtues 1
image 1
yet 1
possessd 1
her 1
mind 1
taught 1
by 1
a 1
master 1
of 1
the 1
tuneful 1
kind 1
atrides 1
parting 1
for 1
the 1
trojan 1
war 1
consignd 1
the 1
youthful 1
consort 1
to 1
his 1
care 1
true 1
to 1
his 1
charge 1
the 1
bard 1
preserved 1
her 1
long 1
in 1
honours 1
limits 1
such 1
the 1
power 1
of 1
song 1
but 1
when 1
the 1
gods 1
these 1
objects 1
of 1
their 1
hate 1
draggd 1
to 1
the 1
destruction 1
by 1
the 1
links 1
of 1
fate 1
the 1
bard 1
they 1
banishd 1
from 1
his 1
native 1
soil 1
and 1
left 1
all 1
helpless 1
in 1
a 1
desert 1
isle 1
there 1
he 1
the 1
sweetest 1
of 1
the 1
sacred 1
train 1
sung 1
dying 1
to 1
the 1
rocks 1
but 1
sung 1
in 1
vain 1
then 1
virtue 1
was 1
no 1
more 1
her 1
guard 1
away 1
she 1
fell 1
to 1
lust 1
a 1
voluntary 1
prey 1
even 1
to 1
the 1
temple 1
stalkd 1
the 1
adulterous 1
spouse 1
with 1
impious 1
thanks 1
and 1
mockery 1
of 1
the 1
vows 1
with 1
images 1
with 1
garments 1
and 1
with 1
gold 1
and 1
odorous 1
fumes 1
from 1
loaded 1
altars 1
rolld 1
meantime 1
from 1
flaming 1
troy 1
we 1
cut 1
the 1
way 1
with 1
menelaus 1
through 1
the 1
curling 1
sea 1
but 1
when 1
to 1
suniums 1
sacred 1
point 1
we 1
came 1
crownd 1
with 1
the 1
temple 1
of 1
the 1
athenian 1
dame 1
atrides 1
pilot 1
phrontes 1
there 1
expired 1
phrontes 1
of 1
all 1
the 1
songs 1
of 1
men 1
admired 1
to 1
steer 1
the 1
bounding 1
bark 1
with 1
steady 1
toil 1
when 1
the 1
storm 1
thickens 1
and 1
the 1
billows 1
boil 1
while 1
yet 1
he 1
exercised 1
the 1
steermans 1
art 1
apollo 1
touchd 1
him 1
with 1
his 1
gentle 1
dart 1
even 1
with 1
the 1
rudder 1
in 1
his 1
hand 1
he 1
fell 1
to 1
pay 1
whole 1
honours 1
to 1
the 1
shades 1
of 1
hell 1
we 1
checkd 1
our 1
haste 1
by 1
pious 1
office 1
bound 1
and 1
laid 1
our 1
old 1
companion 1
in 1
the 1
ground 1
and 1
now 1
the 1
rites 1
discharged 1
our 1
course 1
we 1
keep 1
far 1
on 1
the 1
gloomy 1
bosom 1
of 1
the 1
deep 1
soon 1
as 1
malaes 1
misty 1
tops 1
arise 1
sudden 1
the 1
thunderer 1
blackens 1
all 1
the 1
skies 1
and 1
the 1
winds 1
whistle 1
and 1
the 1
surges 1
roll 1
mountains 1
on 1
mountains 1
and 1
obscure 1
the 1
pole 1
the 1
tempest 1
scatters 1
and 1
divides 1
our 1
fleet 1
part 1
the 1
storm 1
urges 1
on 1
the 1
coast 1
of 1
crete 1
where 1
winding 1
round 1
the 1
rich 1
cydonian 1
plain 1
the 1
streams 1
of 1
jardan 1
issue 1
to 1
the 1
main 1
there 1
stands 1
a 1
rock 1
high 1
eminent 1
and 1
steep 1
whose 1
shaggy 1
brow 1
oerhangs 1
the 1
shady 1
deep 1
and 1
views 1
gortyna 1
on 1
the 1
western 1
side 1
on 1
this 1
rough 1
auster 1
drove 1
the 1
impetuous 1
tide 1
with 1
broken 1
force 1
the 1
billows 1
rolld 1
away 1
and 1
heaved 1
the 1
fleet 1
into 1
the 1
neighbring 1
bay 1
thus 1
saved 1
from 1
death 1
the 1
gaind 1
the 1
phaestan 1
shores 1
with 1
shatterd 1
vessels 1
and 1
disabled 1
oars 1
but 1
five 1
tall 1
barks 1
the 1
winds 1
and 1
water 1
tossd 1
far 1
from 1
their 1
fellows 1
on 1
the 1
aegyptian 1
coast 1
there 1
wanderd 1
menelaus 1
through 1
foreign 1
shores 1
amassing 1
gold 1
and 1
gathering 1
naval 1
stores 1
while 1
cursed 1
aegysthus 1
the 1
detested 1
deed 1
by 1
fraud 1
fulfilled 1
and 1
his 1
great 1
brother 1
bled 1
seven 1
years 1
the 1
traitor 1
rich 1
mycenae 1
swayd 1
and 1
his 1
stern 1
rule 1
the 1
groaning 1
land 1
obeyd 1
the 1
eighth 1
from 1
athens 1
to 1
his 1
realm 1
restored 1
orestes 1
brandishd 1
the 1
avenging 1
sword 1
slew 1
the 1
dire 1
pair 1
and 1
gave 1
to 1
funeral 1
flame 1
the 1
vile 1
assassin 1
and 1
adulterous 1
dame 1
that 1
day 1
ere 1
yet 1
the 1
bloody 1
triumphs 1
cease 1
returnd 1
atrides 1
to 1
the 1
coast 1
of 1
greece 1
and 1
safe 1
to 1
argos 1
port 1
his 1
navy 1
brought 1
with 1
gifts 1
of 1
price 1
and 1
ponderous 1
treasure 1
fraught 1
hence 1
warnd 1
my 1
son 1
beware 1
nor 1
idly 1
stand 1
too 1
long 1
a 1
stranger 1
to 1
thy 1
native 1
land 1
lest 1
heedless 1
absence 1
wear 1
thy 1
wealth 1
away 1
while 1
lawless 1
feasters 1
in 1
thy 1
palace 1
away 1
perhaps 1
may 1
seize 1
thy 1
realm 1
and 1
share 1
the 1
spoil 1
and 1
though 1
return 1
with 1
disappointed 1
toil 1
from 1
thy 1
vain 1
journey 1
to 1
a 1
rifled 1
isle 1
however 1
my 1
friend 1
indulge 1
one 1
labour 1
more 1
and 1
seek 1
atrides 1
on 1
the 1
spartan 1
shore 1
he 1
wandering 1
long 1
a 1
wider 1
circle 1
made 1
and 1
manylanguaged 1
nations 1
has 1
surveyd 1
and 1
measured 1
tracks 1
unknown 1
to 1
other 1
ships 1
amid 1
the 1
monstrous 1
wonders 1
of 1
the 1
deeps 1
a 1
length 1
of 1
ocean 1
and 1
unbounded 1
sky 1
which 1
scarce 1
the 1
seafowl 1
in 1
a 1
year 1
oerfly 1
go 1
then 1
to 1
sparta 1
take 1
the 1
watery 1
way 1
thy 1
ship 1
and 1
sailors 1
but 1
for 1
orders 1
stay 1
or 1
if 1
my 1
land 1
then 1
choose 1
thy 1
course 1
to 1
bend 1
my 1
steeds 1
my 1
chariots 1
and 1
my 1
songs 1
attend 1
thee 1
to 1
atrides 1
they 1
shall 1
safe 1
convey 1
guides 1
of 1
thy 1
road 1
companions 1
of 1
thy 1
way 1
urge 1
him 1
with 1
truth 1
to 1
frame 1
his 1
wise 1
replies 1
and 1
sure 1
he 1
will 1
for 1
menelaus 1
is 1
wise 1
thus 1
while 1
he 1
speaks 1
the 1
ruddy 1
sun 1
descends 1
and 1
twilight 1
grey 1
her 1
evening 1
shade 1
extends 1
then 1
thus 1
the 1
blueeyed 1
maid 1
o 1
full 1
of 1
days 1
wise 1
are 1
thy 1
words 1
and 1
just 1
are 1
all 1
thy 1
ways 1
now 1
immolate 1
the 1
tongues 1
and 1
mix 1
the 1
wine 1
sacred 1
to 1
neptune 1
and 1
the 1
powers 1
divine 1
the 1
lamp 1
of 1
day 1
is 1
quenchd 1
beneath 1
the 1
deep 1
and 1
soft 1
approach 1
the 1
balmy 1
hours 1
of 1
sleep 1
nor 1
fits 1
it 1
to 1
prolong 1
the 1
heavenly 1
feast 1
timeless 1
indecent 1
but 1
retire 1
to 1
rest 1
so 1
spake 1
joves 1
daughter 1
the 1
celestial 1
maid 1
the 1
sober 1
train 1
attended 1
and 1
obeyd 1
the 1
sacred 1
heralds 1
on 1
their 1
hands 1
around 1
pourd 1
the 1
full 1
urns 1
the 1
youths 1
the 1
goblets 1
crownd 1
from 1
bowl 1
to 1
bowl 1
the 1
homely 1
beverage 1
flows 1
while 1
to 1
the 1
final 1
sacrifice 1
they 1
rose 1
the 1
tongues 1
they 1
cast 1
upon 1
the 1
fragrant 1
flame 1
and 1
pour 1
above 1
the 1
consecrated 1
stream 1
and 1
now 1
their 1
thirst 1
by 1
copious 1
draughts 1
allayd 1
the 1
youthful 1
hero 1
and 1
the 1
athenian 1
maid 1
propose 1
departure 1
from 1
the 1
finishd 1
rite 1
and 1
in 1
their 1
hollow 1
bark 1
to 1
pass 1
the 1
night 1
but 1
this 1
hospitable 1
sage 1
denied 1
forbid 1
it 1
jove 1
and 1
all 1
the 1
gods 1
he 1
cried 1
thus 1
from 1
my 1
walls 1
and 1
the 1
muchloved 1
son 1
to 1
send 1
of 1
such 1
a 1
hero 1
and 1
of 1
such 1
a 1
friend 1
me 1
as 1
some 1
needy 1
peasant 1
would 1
ye 1
leave 1
whom 1
heaven 1
denies 1
the 1
blessing 1
to 1
relieve 1
me 1
would 1
ye 1
leave 1
who 1
boast 1
imperial 1
sway 1
when 1
beds 1
of 1
royal 1
state 1
invite 1
your 1
stay 1
nolong 1
as 1
life 1
this 1
mortal 1
shall 1
inspire 1
or 1
as 1
my 1
children 1
imitate 1
their 1
sire 1
here 1
shall 1
the 1
wandering 1
stranger 1
find 1
his 1
home 1
and 1
hospitable 1
rites 1
adorn 1
the 1
dome 1
well 1
hast 1
thou 1
spoke 1
the 1
blueeyed 1
maid 1
replies 1
beloved 1
old 1
man 1
benevolent 1
as 1
wise 1
be 1
the 1
kind 1
dictates 1
of 1
thy 1
heart 1
obeyd 1
and 1
let 1
thy 1
words 1
telemachus 1
persuade 1
he 1
to 1
thy 1
palace 1
shall 1
thy 1
steps 1
pursue 1
i 1
to 1
the 1
ship 1
to 1
give 1
the 1
orders 1
due 1
prescribe 1
directions 1
and 1
confirm 1
the 1
crew 1
for 1
i 1
alone 1
sustain 1
their 1
naval 1
cares 1
who 1
boast 1
experience 1
from 1
these 1
silver 1
hairs 1
all 1
youths 1
the 1
rest 1
whom 1
to 1
this 1
journey 1
move 1
like 1
years 1
like 1
tempers 1
and 1
their 1
princes 1
love 1
there 1
in 1
the 1
vessel 1
shall 1
i 1
pass 1
the 1
night 1
and 1
soon 1
as 1
morning 1
paints 1
the 1
fields 1
of 1
light 1
i 1
go 1
to 1
challenge 1
from 1
the 1
caucons 1
bold 1
a 1
debt 1
contracted 1
in 1
the 1
days 1
of 1
old 1
but 1
this 1
thy 1
guest 1
received 1
with 1
friendly 1
care 1
let 1
thy 1
strong 1
coursers 1
swift 1
to 1
sparta 1
bear 1
prepare 1
thy 1
chariot 1
at 1
the 1
dawn 1
of 1
day 1
and 1
be 1
thy 1
son 1
companion 1
of 1
his 1
way 1
then 1
turning 1
with 1
the 1
word 1
minerva 1
flies 1
and 1
soars 1
an 1
eagle 1
through 1
the 1
liquid 1
skies 1
vision 1
divine 1
the 1
throngd 1
spectators 1
gaze 1
in 1
holy 1
wonder 1
fixd 1
and 1
still 1
amaze 1
but 1
chief 1
the 1
reverend 1
sage 1
admired 1
he 1
took 1
the 1
hand 1
of 1
young 1
telemachus 1
and 1
spoke 1
oh 1
happy 1
youth 1
and 1
favoured 1
of 1
the 1
skies 1
distinguished 1
care 1
of 1
guardian 1
deities 1
whose 1
early 1
years 1
for 1
future 1
worth 1
engage 1
no 1
vulgar 1
manhood 1
no 1
ignoble 1
age 1
for 1
lo 1
none 1
other 1
of 1
the 1
course 1
above 1
then 1
she 1
the 1
daughter 1
of 1
almighty 1
jove 1
pallas 1
herself 1
the 1
wartriumphant 1
maid 1
confessd 1
is 1
thine 1
as 1
once 1
thy 1
fathers 1
aid 1
so 1
guide 1
me 1
goddess 1
so 1
propitious 1
shine 1
on 1
me 1
my 1
consort 1
and 1
my 1
royal 1
line 1
a 1
yearling 1
bullock 1
to 1
thy 1
name 1
shall 1
smoke 1
untamed 1
unconscious 1
of 1
the 1
galling 1
yoke 1
with 1
ample 1
forehead 1
and 1
yet 1
tender 1
horns 1
whose 1
budding 1
honours 1
ductile 1
gold 1
adorns 1
submissive 1
thus 1
the 1
hoary 1
sire 1
preferrd 1
his 1
holy 1
vow 1
the 1
favouring 1
goddess 1
heard 1
then 1
slowly 1
rising 1
oer 1
the 1
sandy 1
space 1
precedes 1
the 1
father 1
followd 1
by 1
his 1
race 1
a 1
long 1
procession 1
timely 1
marching 1
home 1
in 1
comely 1
order 1
to 1
the 1
regal 1
dome 1
there 1
when 1
arrived 1
on 1
thrones 1
around 1
him 1
placed 1
his 1
sons 1
and 1
grandsons 1
the 1
wide 1
circle 1
graced 1
to 1
these 1
the 1
hospitable 1
sage 1
in 1
sign 1
of 1
social 1
welcome 1
mixd 1
the 1
racy 1
wine 1
late 1
from 1
the 1
mellowing 1
cask 1
restored 1
to 1
light 1
by 1
ten 1
long 1
years 1
refined 1
and 1
rosy 1
bright 1
to 1
pallas 1
high 1
the 1
foaming 1
bowl 1
he 1
crownd 1
and 1
sprinkled 1
large 1
libations 1
on 1
the 1
ground 1
each 1
drinks 1
a 1
full 1
oblivion 1
of 1
his 1
cares 1
and 1
to 1
the 1
gifts 1
of 1
balmy 1
sleep 1
repairs 1
deep 1
in 1
a 1
rich 1
alcove 1
the 1
prince 1
was 1
laid 1
and 1
slept 1
beneath 1
the 1
pompous 1
colonnade 1
fast 1
by 1
his 1
side 1
pisistratus 1
was 1
spread 1
in 1
age 1
his 1
equal 1
on 1
a 1
splendid 1
bed 1
but 1
in 1
an 1
inner 1
court 1
securely 1
closed 1
the 1
reverend 1
nestor 1
and 1
his 1
queen 1
reposed 1
when 1
now 1
aurora 1
daughter 1
of 1
the 1
dawn 1
with 1
rosy 1
lustre 1
purpled 1
oer 1
the 1
lawn 1
the 1
old 1
man 1
early 1
rose 1
walkd 1
forth 1
and 1
sate 1
on 1
polishd 1
stone 1
before 1
his 1
palace 1
gate 1
with 1
unguents 1
smooth 1
the 1
lucid 1
marble 1
shone 1
where 1
ancient 1
neleus 1
sate 1
a 1
rustic 1
throne 1
but 1
he 1
descending 1
to 1
the 1
infernal 1
shade 1
sage 1
nestor 1
filld 1
it 1
and 1
the 1
sceptre 1
swayd 1
his 1
sons 1
around 1
him 1
mild 1
obeisance 1
pay 1
and 1
duteous 1
take 1
the 1
orders 1
of 1
the 1
day 1
first 1
eehephron 1
and 1
stratius 1
quit 1
their 1
bed 1
then 1
perseus 1
aretus 1
and 1
thrasymed 1
the 1
last 1
pisistratus 1
arose 1
from 1
rest 1
they 1
came 1
and 1
near 1
him 1
placed 1
the 1
strangerguest 1
to 1
these 1
the 1
senior 1
thus 1
declared 1
his 1
will 1
my 1
sons 1
the 1
dictates 1
of 1
your 1
sire 1
fulfil 1
to 1
pallas 1
first 1
of 1
gods 1
prepare 1
the 1
feast 1
who 1
graced 1
our 1
rites 1
a 1
more 1
than 1
mortal 1
guest 1
let 1
one 1
despatchful 1
bid 1
some 1
swain 1
to 1
lead 1
a 1
wellfed 1
bullock 1
from 1
the 1
grassy 1
mead 1
one 1
seek 1
the 1
harbour 1
where 1
the 1
vessels 1
moor 1
and 1
bring 1
thy 1
friends 1
telemachus 1
ashore 1
leave 1
only 1
two 1
the 1
galley 1
to 1
attend 1
another 1
laerceus 1
must 1
we 1
send 1
artist 1
devine 1
whose 1
skilful 1
hands 1
infold 1
the 1
victims 1
horn 1
with 1
circumfusile 1
gold 1
the 1
rest 1
may 1
here 1
the 1
pious 1
duty 1
share 1
and 1
bid 1
the 1
handmaids 1
for 1
the 1
feast 1
prepare 1
the 1
seats 1
to 1
range 1
the 1
fragrant 1
wood 1
to 1
bring 1
and 1
limpid 1
waters 1
from 1
the 1
living 1
spring 1
he 1
said 1
and 1
busy 1
each 1
his 1
care 1
bestowd 1
already 1
at 1
the 1
gates 1
the 1
bullock 1
lowd 1
already 1
came 1
the 1
ithacensian 1
crew 1
the 1
dexterous 1
smith 1
the 1
tools 1
already 1
drew 1
his 1
ponderous 1
hammer 1
and 1
his 1
anvil 1
sound 1
and 1
the 1
strong 1
tongs 1
to 1
turn 1
the 1
metal 1
round 1
nor 1
was 1
minerva 1
absent 1
from 1
the 1
rite 1
she 1
viewd 1
her 1
honours 1
and 1
enjoyed 1
the 1
sight 1
with 1
reverend 1
hand 1
the 1
king 1
presents 1
the 1
gold 1
which 1
round 1
the 1
intorted 1
horns 1
the 1
gilder 1
rolld 1
so 1
wrought 1
as 1
pallas 1
might 1
with 1
pride 1
behold 1
young 1
aretus 1
from 1
forth 1
his 1
bride 1
bower 1
brought 1
the 1
full 1
laver 1
oer 1
their 1
hands 1
to 1
pour 1
and 1
canisters 1
of 1
consecrated 1
flour 1
stratius 1
and 1
echephron 1
the 1
victim 1
led 1
the 1
axe 1
was 1
held 1
by 1
warlike 1
thrasymed 1
in 1
act 1
to 1
strike 1
before 1
him 1
perseus 1
stood 1
the 1
vase 1
extending 1
to 1
receive 1
the 1
blood 1
the 1
king 1
himself 1
initiates 1
to 1
the 1
power 1
scatters 1
with 1
quivering 1
hand 1
the 1
sacred 1
flour 1
and 1
the 1
stream 1
sprinkles 1
from 1
the 1
curling 1
brows 1
the 1
hair 1
collected 1
in 1
the 1
fire 1
he 1
throws 1
soon 1
as 1
due 1
vows 1
on 1
every 1
part 1
were 1
paid 1
and 1
sacred 1
wheat 1
upon 1
the 1
victim 1
laid 1
strong 1
thrasymed 1
discharged 1
the 1
speeding 1
blow 1
full 1
on 1
his 1
neck 1
and 1
cut 1
the 1
nerves 1
in 1
two 1
down 1
sunk 1
the 1
heavy 1
beast 1
the 1
females 1
round 1
maids 1
wives 1
and 1
matrons 1
mix 1
a 1
shrilling 1
sound 1
nor 1
scorned 1
the 1
queen 1
the 1
holy 1
choir 1
to 1
join 1
the 1
first 1
born 1
she 1
of 1
old 1
clymenus 1
line 1
in 1
youth 1
by 1
nestor 1
loved 1
of 1
spotless 1
fame 1
and 1
loved 1
in 1
age 1
eurydice 1
her 1
name 1
from 1
earth 1
they 1
rear 1
him 1
struggling 1
now 1
with 1
death 1
and 1
nestors 1
youngest 1
stops 1
the 1
vents 1
of 1
breath 1
the 1
soul 1
for 1
ever 1
flies 1
on 1
all 1
sides 1
round 1
streams 1
the 1
black 1
blood 1
and 1
smokes 1
upon 1
the 1
ground 1
the 1
beast 1
they 1
then 1
divide 1
and 1
disunite 1
the 1
ribs 1
and 1
limbs 1
observant 1
of 1
the 1
rite 1
on 1
these 1
in 1
double 1
cauls 1
involved 1
with 1
art 1
the 1
choicest 1
morsels 1
lay 1
from 1
every 1
part 1
the 1
sacred 1
sage 1
before 1
his 1
altar 1
stands 1
turns 1
the 1
burnt 1
offering 1
with 1
his 1
holy 1
hands 1
and 1
pours 1
the 1
wine 1
and 1
bids 1
the 1
flames 1
aspire 1
the 1
youth 1
with 1
instruments 1
surround 1
the 1
fire 1
the 1
thighs 1
now 1
sacrificed 1
and 1
entrails 1
dressd 1
the 1
assistants 1
part 1
transfix 1
and 1
broil 1
the 1
rest 1
while 1
these 1
officious 1
tend 1
the 1
rites 1
divine 1
the 1
last 1
fair 1
branch 1
of 1
the 1
nestorean 1
line 1
sweet 1
polycaste 1
took 1
the 1
pleasing 1
toil 1
to 1
bathe 1
the 1
prince 1
and 1
pour 1
the 1
fragrant 1
oil 1
oer 1
his 1
fair 1
limbs 1
a 1
flowery 1
vest 1
he 1
throw 1
and 1
issued 1
like 1
a 1
god 1
to 1
mortal 1
view 1
his 1
former 1
seat 1
beside 1
the 1
king 1
he 1
found 1
his 1
peoples 1
father 1
with 1
his 1
peers 1
around 1
all 1
placed 1
at 1
ease 1
the 1
holy 1
banquet 1
join 1
and 1
in 1
the 1
dazzling 1
goblet 1
laughs 1
the 1
wine 1
the 1
rage 1
of 1
thirst 1
and 1
hunger 1
now 1
suppressd 1
the 1
monarch 1
turns 1
him 1
to 1
his 1
royal 1
guest 1
and 1
for 1
the 1
promised 1
journey 1
bids 1
prepare 1
the 1
smooth 1
haird 1
horses 1
and 1
the 1
rapid 1
car 1
observant 1
of 1
his 1
word 1
tire 1
word 1
scarce 1
spoke 1
the 1
sons 1
obey 1
and 1
join 1
them 1
to 1
the 1
yoke 1
then 1
bread 1
and 1
wine 1
a 1
ready 1
handmaid 1
brings 1
and 1
presents 1
such 1
as 1
suit 1
the 1
state 1
of 1
kings 1
the 1
glittering 1
seat 1
telemachus 1
ascends 1
his 1
faithful 1
guide 1
pisistratus 1
attends 1
with 1
hasty 1
hand 1
the 1
ruling 1
reins 1
he 1
drew 1
he 1
lashd 1
the 1
coursers 1
and 1
the 1
coursers 1
flew 1
beneath 1
the 1
bounding 1
yoke 1
alike 1
they 1
hold 1
their 1
equal 1
pace 1
and 1
smoked 1
along 1
the 1
field 1
the 1
towers 1
of 1
pylos 1
sink 1
its 1
views 1
decay 1
fields 1
after 1
fields 1
fly 1
back 1
till 1
close 1
of 1
day 1
then 1
sunk 1
the 1
sun 1
and 1
darkend 1
all 1
the 1
way 1
to 1
pherae 1
now 1
diocleus 1
stately 1
seat 1
of 1
alpheus 1
race 1
the 1
weary 1
youths 1
retreat 1
his 1
house 1
affords 1
the 1
hospitable 1
rite 1
and 1
pleased 1
they 1
sleep 1
the 1
blessing 1
of 1
the 1
night 1
but 1
when 1
aurora 1
daughter 1
of 1
the 1
dawn 1
with 1
rosy 1
lustre 1
purpled 1
oer 1
the 1
lawn 1
again 1
they 1
mount 1
their 1
journey 1
to 1
renew 1
and 1
from 1
the 1
sounding 1
portico 1
they 1
flew 1
along 1
the 1
waving 1
fields 1
their 1
way 1
they 1
hold 1
the 1
fields 1
receding 1
as 1
their 1
chariot 1
rolld 1
then 1
slowly 1
sunk 1
the 1
ruddy 1
globe 1
of 1
light 1
and 1
oer 1
the 1
shaded 1
landscape 1
rushd 1
the 1
night 1
book 1
iv 1
argument 1
the 1
conference 1
with 1
menelaus 1
telemachus 1
with 1
pisistratus 1
arriving 1
at 1
sparta 1
is 1
hospitably 1
received 1
by 1
menelaus 1
to 1
whom 1
he 1
relates 1
the 1
cause 1
of 1
his 1
coming 1
and 1
learns 1
from 1
him 1
many 1
particulars 1
of 1
what 1
befell 1
the 1
greeks 1
since 1
the 1
destruction 1
of 1
troy 1
he 1
dwells 1
more 1
at 1
large 1
upon 1
the 1
prophecies 1
of 1
proteus 1
to 1
him 1
in 1
his 1
return 1
from 1
which 1
he 1
acquaints 1
telemachus 1
that 1
ulysses 1
is 1
detained 1
in 1
the 1
island 1
of 1
calypso 1
in 1
the 1
meantime 1
the 1
suitors 1
consult 1
to 1
destroy 1
telemachus 1
on 1
the 1
voyage 1
home 1
penelope 1
is 1
apprised 1
of 1
this 1
but 1
comforted 1
in 1
a 1
dream 1
by 1
pallas 1
in 1
the 1
shape 1
of 1
her 1
sister 1
iphthima 1
and 1
now 1
proud 1
sparta 1
with 1
their 1
wheels 1
resounds 1
sparta 1
whose 1
walls 1
a 1
range 1
of 1
hills 1
surrounds 1
at 1
the 1
fair 1
dome 1
the 1
rapid 1
labour 1
ends 1
where 1
sate 1
atrides 1
midst 1
his 1
bridal 1
friends 1
with 1
double 1
vows 1
invoking 1
hymens 1
power 1
to 1
bless 1
his 1
sons 1
and 1
daughters 1
nuptial 1
hour 1
that 1
day 1
to 1
great 1
achilles 1
son 1
resignd 1
hermione 1
the 1
fairest 1
of 1
her 1
kind 1
was 1
sent 1
to 1
crown 1
the 1
longprotracted 1
joy 1
espoused 1
before 1
the 1
final 1
doom 1
of 1
troy 1
with 1
steeds 1
and 1
gilded 1
cars 1
a 1
gorgeous 1
train 1
attend 1
the 1
nymphs 1
to 1
phthias 1
distant 1
reign 1
meanwhile 1
at 1
home 1
to 1
megapenthas 1
bed 1
the 1
virgin 1
choir 1
alectors 1
daughter 1
led 1
brave 1
megapenthas 1
from 1
a 1
stolen 1
amour 1
to 1
great 1
atrides 1
age 1
his 1
handmaid 1
bore 1
to 1
helens 1
bed 1
the 1
gods 1
alone 1
assign 1
hermione 1
to 1
extend 1
the 1
regal 1
line 1
on 1
whom 1
a 1
radiant 1
pomp 1
oh 1
graces 1
wait 1
resembling 1
venus 1
in 1
attractive 1
state 1
while 1
this 1
gay 1
friendly 1
troop 1
the 1
king 1
surround 1
with 1
festival 1
and 1
mirth 1
the 1
roofs 1
resound 1
a 1
bard 1
amid 1
the 1
joyous 1
circle 1
sings 1
high 1
airs 1
attemperd 1
to 1
the 1
vocal 1
strings 1
whilst 1
warbling 1
to 1
the 1
varied 1
strain 1
advance 1
two 1
sprightly 1
youths 1
to 1
form 1
the 1
bounding 1
dance 1
twas 1
then 1
that 1
issuing 1
through 1
the 1
palace 1
gate 1
the 1
splendid 1
car 1
rolld 1
slow 1
in 1
regal 1
state 1
on 1
the 1
bright 1
eminence 1
young 1
nestor 1
shone 1
and 1
fast 1
beside 1
him 1
great 1
ulysses 1
son 1
grave 1
eteoneous 1
saw 1
the 1
pomp 1
appear 1
and 1
speeding 1
thus 1
addressd 1
the 1
royal 1
ear 1
two 1
youths 1
approach 1
whose 1
semblant 1
features 1
prove 1
their 1
blood 1
devolving 1
from 1
the 1
source 1
of 1
jove 1
is 1
due 1
reception 1
deignd 1
or 1
must 1
they 1
bend 1
their 1
doubtful 1
course 1
to 1
seek 1
a 1
distant 1
friend 1
insensate 1
with 1
a 1
sigh 1
the 1
king 1
replies 1
too 1
long 1
misjudging 1
have 1
i 1
thought 1
thee 1
wise 1
but 1
sure 1
relentless 1
folly 1
steals 1
thy 1
breast 1
obdurate 1
to 1
reject 1
the 1
strangerguest 1
to 1
those 1
dear 1
hospitable 1
rites 1
a 1
foe 1
which 1
in 1
my 1
wanderings 1
oft 1
relieved 1
my 1
woe 1
fed 1
by 1
the 1
bounty 1
of 1
anothers 1
board 1
till 1
pitying 1
jove 1
my 1
native 1
realm 1
restored 1
straight 1
be 1
the 1
coursers 1
from 1
the 1
car 1
released 1
conduct 1
the 1
youths 1
to 1
grace 1
the 1
genial 1
feast 1
the 1
seneschal 1
rebuked 1
in 1
haste 1
withdrew 1
with 1
equal 1
haste 1
a 1
menial 1
train 1
pursue 1
part 1
led 1
the 1
coursers 1
from 1
the 1
car 1
enlarged 1
each 1
to 1
a 1
crib 1
with 1
choicest 1
grain 1
surcharged 1
part 1
in 1
a 1
portico 1
profusely 1
graced 1
with 1
rich 1
magnificence 1
the 1
chariot 1
placed 1
then 1
to 1
the 1
dome 1
the 1
friendly 1
pair 1
invite 1
who 1
eye 1
the 1
dazzling 1
roofs 1
with 1
vast 1
delight 1
resplendent 1
as 1
the 1
blaze 1
of 1
summer 1
noon 1
or 1
the 1
pale 1
radiance 1
of 1
the 1
midnight 1
moon 1
from 1
room 1
to 1
room 1
their 1
eager 1
view 1
they 1
bend 1
thence 1
to 1
the 1
bath 1
a 1
beauteous 1
pile 1
descend 1
where 1
a 1
bright 1
damsel 1
train 1
attends 1
the 1
guests 1
with 1
liquid 1
odours 1
and 1
embroiderd 1
vests 1
refreshd 1
they 1
wait 1
them 1
to 1
the 1
bower 1
of 1
state 1
where 1
circled 1
with 1
his 1
pears 1
atrides 1
sate 1
throned 1
next 1
the 1
king 1
a 1
fair 1
attendant 1
brings 1
the 1
purest 1
product 1
of 1
the 1
crystal 1
springs 1
high 1
on 1
a 1
massy 1
vase 1
of 1
silver 1
mould 1
the 1
burnishd 1
laver 1
flames 1
with 1
solid 1
gold 1
in 1
solid 1
gold 1
the 1
purple 1
vintage 1
flows 1
and 1
on 1
the 1
board 1
a 1
second 1
banquet 1
rose 1
when 1
thus 1
the 1
king 1
with 1
hospitable 1
port 1
accept 1
this 1
welcome 1
to 1
the 1
spartan 1
court 1
the 1
waste 1
of 1
nature 1
let 1
the 1
feast 1
repair 1
then 1
your 1
high 1
lineage 1
and 1
your 1
names 1
declare 1
say 1
from 1
what 1
sceptred 1
ancestry 1
ye 1
claim 1
recorded 1
eminent 1
in 1
deathless 1
fame 1
for 1
vulgar 1
parents 1
cannot 1
stamp 1
their 1
race 1
with 1
signatures 1
of 1
such 1
majestic 1
grace 1
