1 1
1971 1
2002 1
5 1
58 1
6 1
630 1
776 1
a 348
abandond 1
abhorrd 1
aboard 2
above 12
absence 4
absent 2
abundance 1
abuses 1
accepted 1
accidens 1
accomplished 1
according 4
accordingly 1
accost 1
account 4
accurate 1
achaian 2
achilleid 1
acquaintance 1
acquired 3
act 4
actively 1
acutenesswhich 1
add 1
addressd 6
addressed 1
addressing 1
adjective 1
admire 4
admires 1
admissible 1
admit 3
admits 1
admittance 1
admitting 1
adopted 2
adored 1
adulterous 4
advances 1
advise 2
advised 1
advises 2
aegyptius 3
aeolia 1
aerial 3
aethiopia 1
affable 1
affairs 1
affianced 1
affiliation 1
afflicts 1
affluence 1
affords 5
affronts 1
afresh 2
africanus 1
afterwards 3
ages 2
aggregate 2
ago 2
agoras 1
agree 1
ah 3
air 6
airs 4
ajax 1
alcove 1
alectors 1
alemena 1
alexander 3
alexandrine 1
allayd 1
allegorize 1
allowed 1
allowing 1
allows 3
allusive 1
ally 1
almighty 1
alone 12
alpheus 1
also 9
alternate 2
although 5
altogether 1
amaze 1
amazing 2
ambiguous 1
among 11
amongst 1
amour 1
amphikipellon 1
amphiktyonic 1
ample 3
anacreon 1
anatomist 1
ancestor 1
ancestors 2
ancestry 1
anchor 2
ancient 20
anecdotes 1
anger 2
anomalies 2
anothers 1
answer 2
antihistorical 1
antilochuswhat 1
antinous 4
anvil 1
anxious 2
any 17
apart 2
apocryphal 1
apollo 3
apollos 1
apologue 1
apotheosis 1
appealing 1
appeals 2
appeased 1
appointed 1
appreciate 1
appreciation 1
approach 6
approaching 4
appropriation 1
archaic 1
architectonic 1
aretus 2
argive 2
argument 5
arm 6
armourer 1
arrives 2
arrogance 1
art 12
artful 1
artist 1
arts 4
ascend 4
ascending 1
ashes 1
asia 2
asiatic 1
ask 5
aspect 1
aspires 1
assassin 1
assemblage 1
assembly 6
asserted 1
assign 2
assist 1
assistance 1
assistants 1
association 1
associations 2
assurance 2
assure 1
astley 1
at 90
athena 1
athenas 1
athenian 9
atlas 1
atoned 2
attaches 1
attained 2
attainment 1
attainments 1
attemperd 2
attempt 3
attend 12
attending 3
attends 6
attention 4
attest 1
attests 1
attic 2
attract 1
attracted 2
attractive 3
attributes 1
audience 1
aught 2
augment 1
aurora 2
author 17
authority 1
authorizes 1
authors 4
authorship 5
awaken 1
aware 1
awayd 1
awe 1
awed 1
axe 2
azure 3
back 4
backward 2
bad 2
ballad 1
band 3
banish 1
banishd 1
barbed 1
bards 4
barked 1
barking 1
barks 1
bars 1
battle 2
bay 3
bc 4
be 109
beaming 1
beamy 1
bear 3
beast 3
beat 3
beating 1
beauteous 1
because 6
beeves 2
before 28
began 5
beginning 4
beheld 2
behest 1
behold 5
being 8
belief 6
believe 8
beloved 1
below 3
bends 1
beneath 7
bent 1
bentleys 1
beset 2
best 9
bestauthenticated 1
bestowed 2
bestows 1
betide 1
betray 4
beware 1
bid 9
big 3
birth 4
black 2
blame 1
blamed 1
blessing 4
blest 2
blind 8
blindness 2
blithe 1
blood 9
bloodpolluted 1
bloody 2
bloomy 1
boar 2
board 3
boast 3
boasters 2
body 2
bodys 1
boeotia 1
bold 8
bolissus 1
bonds 1
bones 1
books 3
bore 8
borrowed 1
both 8
bounding 3
bounds 3
bow 1
bowd 1
bower 4
bowl 11
bows 1
boy 1
branch 1
brandishd 1
brass 2
brave 8
breast 16
breath 4
breathes 4
brief 6
bright 10
brodie 1
broil 1
broke 2
brothers 1
brought 6
brow 3
brown 1
buckley 1
budding 1
build 1
bullock 4
bulls 1
burlesque 1
burmann 1
burnt 1
busy 3
but 123
by 152
c 2
cadence 1
calculated 2
call 1
calls 2
calypso 4
calypsos 1
came 11
canisters 2
cankers 1
cannot 7
capabilities 1
capacious 1
capital 1
captivate 1
carcase 1
care 25
career 1
carefully 1
carouse 2
cases 1
cask 1
cast 3
caucons 1
cause 6
caused 3
cave 1
celebrate 1
celebrating 1
celebrity 1
celestial 8
cemented 1
certain 4
chains 1
chandler 1
chanters 1
chantrey 1
chapmans 1
character 13
characters 1
charge 4
chariot 3
chariots 1
charmed 1
charms 6
chaste 4
check 1
checkd 2
cheers 1
cherishes 1
chest 1
chests 1
chian 3
chiefly 2
child 3
children 5
chios 6
choice 5
choir 2
choosing 1
chorded 1
chosen 1
christian 3
circle 5
circles 1
circling 3
circumscribed 1
circumstance 1
circumstances 1
cities 2
city 6
claimd 1
clang 1
class 7
cleanax 1
cleobulus 1
cleverness 1
clime 2
close 6
closed 2
coast 12
cock 1
coined 1
coleridge 1
collection 2
colony 1
combine 1
come 6
commencement 1
common 3
commonly 1
compact 1
comparative 1
comparatively 2
compared 1
compass 1
compassion 1
competent 3
compilers 2
compiling 1
complains 1
complaints 1
complies 1
composition 4
comprised 1
compulsion 1
conceald 1
concealed 1
conception 1
concerning 2
conclude 2
concluded 1
conclusions 1
conclusive 1
concur 1
conduct 2
conference 3
confess 3
confirms 2
confounding 1
conjecture 1
connection 1
conquest 1
conscious 5
consecrated 2
consented 1
consider 2
consignd 2
consistent 3
consolations 1
constant 3
constrain 1
constrains 1
constraint 1
construction 1
consult 2
consulted 1
consume 2
contained 1
contemplate 1
contemplation 1
content 3
contentment 1
continually 1
contradictions 3
contributed 1
convened 1
convenient 2
conversation 2
convey 4
convinced 1
copies 2
copious 2
copyist 1
copyright 2
cord 1
corn 1
corrupt 2
cost 1
council 9
counsel 1
counsels 3
countries 2
countrymen 1
courage 1
courteous 1
creation 2
crete 2
cried 9
crime 1
critheis 3
criticism 8
crooked 1
cross 2
crowded 1
crowds 2
crown 5
cuff 1
culminating 1
cultivation 1
cumans 2
cup 1
curiosities 1
curling 2
curse 2
cut 5
cuts 1
cycle 1
cypria 1
danger 2
dared 3
daring 2
dark 2
darkness 1
date 5
dauntless 1
dawn 5
day 27
dazzled 1
deadly 1
dearest 2
death 18
debate 3
debates 1
debauch 1
decayd 1
deceives 1
deceptions 1
declare 4
declared 2
declares 1
declaring 1
declines 1
declining 1
decree 2
decreed 5
decrees 1
deeds 2
deemed 2
deep 11
deeps 5
defame 1
defeat 1
defend 1
defrauded 1
degeneracy 1
degrade 1
deign 2
deignd 2
deities 1
deity 1
delegate 1
delian 1
delicate 1
delicious 1
delight 4
delightful 1
delivering 1
delivery 2
deltoz 1
denial 1
denounce 1
department 1
departure 4
depictured 1
deprived 1
depths 1
derive 1
descendant 2
descending 3
descent 1
desert 1
deserved 2
desire 2
desired 2
desires 1
desirous 1
desolate 1
despair 1
despatchful 1
despise 2
despotisms 1
destined 7
destroy 6
destroyd 1
details 3
detain 1
detained 1
determining 1
detested 3
detesting 1
developed 2
devine 1
devise 1
devolving 1
devoted 1
devotion 1
devour 2
dexterous 1
dialect 2
dictate 1
dictates 2
die 5
died 4
dies 1
different 6
difficulties 2
digamma 2
dilate 1
diphthera 1
dire 2
direct 2
direful 3
disagreed 1
disappears 1
disappointed 1
discernible 1
discharge 1
disclaimed 1
disclose 3
discord 3
discourse 2
discovery 1
discussion 2
dishonourd 1
disjointed 1
dismemberd 1
dismiss 2
dismissd 1
dismissed 1
dispensed 1
dispersing 1
displayed 1
displays 2
disposal 1
disposition 1
dissertation 1
dissonance 1
distance 1
distant 8
distaste 1
distinct 2
distinguished 1
distinguishing 1
distress 3
distributed 1
disunite 1
disused 1
divert 1
divides 3
divine 19
divining 1
divinity 1
do 6
dogs 6
doing 2
domes 3
domestic 2
donation 1
doomd 6
doomed 1
doors 1
dost 2
dotard 1
double 3
doubt 5
doubted 1
doubts 2
down 13
downloading 1
dowry 1
drain 2
dramas 1
dramatic 1
draught 2
drawing 1
drawn 1
dread 2
dreamt 1
dreary 2
drinks 1
drive 2
driving 1
drowsy 1
dryden 1
dulichium 1
dust 2
duteous 5
duty 2
dwells 1
dynameter 1
each 21
eager 2
ear 9
early 18
ears 2
earth 9
earths 1
ease 5
east 3
eating 1
ebook 5
ebooks 2
echephron 1
economy 1
edit 1
edition 3
editions 2
editorial 3
education 2
eer 2
effeminate 1
egyptian 1
eiresione 1
either 5
eldest 1
elevate 1
elevated 1
eloquence 2
eloquently 2
else 4
elusive 1
embarks 1
embellishments 1
embodied 2
eminence 1
eminent 2
emotions 1
emphatic 1
employ 3
enable 1
enchanted 1
encompassd 1
encouraged 1
endeavour 1
ends 2
engage 3
english 2
enigma 1
enjoy 1
enjoyd 1
enjoyed 2
enlarged 1
enlighten 1
enormous 1
enrolld 1
enter 2
entering 1
entertaind 1
entertainment 1
entertainments 1
entire 1
enunciator 1
epic 2
epics 1
epicsthe 1
equally 1
erased 1
erroneous 1
especially 4
espouse 1
espoused 1
esteem 1
eteoneous 1
ethereal 3
euboea 1
euboeans 1
eulogized 1
eum 1
euryclea 3
eurydice 1
eurymachusfly 1
eurynomus 1
events 3
ever 9
everhonourd 1
evidence 4
evidently 1
ewer 2
exacting 1
exalt 1
examined 2
excellence 1
except 1
exciting 2
exclusion 1
excusable 1
exercise 1
exhauststill 1
exist 1
existence 6
expanded 1
expect 2
expedition 1
expel 1
expense 2
expenses 1
experience 5
expired 1
explain 3
explains 2
explore 1
exportation 1
expounds 1
express 3
expression 1
exquisite 1
extend 1
extends 2
extent 1
extremest 1
eye 8
eyes 17
eyethat 1
f 1
face 2
faces 1
fact 8
factious 1
faint 2
fair 17
fairly 2
faith 8
fall 3
fallacious 2
falls 1
famed 2
familiarize 1
fancied 3
fanciful 1
fasque 1
fatal 2
fates 3
faultless 1
faults 1
favour 4
favouring 2
fear 3
feard 1
fears 4
feasters 1
feasts 1
feeding 1
feel 5
feeling 6
feet 2
fell 8
fellow 1
fellows 1
female 4
fertilizing 1
field 1
fields 7
fiends 2
fifty 2
figures 1
file 3
filld 5
filled 1
final 2
find 5
finding 2
fine 2
finishd 1
fits 3
fitting 2
five 4
fixed 1
flaccus 1
flame 3
flames 3
flaming 1
flashd 1
flax 1
fled 1
fledged 1
flexions 1
flight 4
flock 2
flocks 2
flourished 2
flow 6
flowers 1
flowery 1
flown 1
flows 3
fluency 1
fly 6
foaming 3
foe 5
fold 1
follow 2
following 7
follows 1
foolish 1
footsteps 1
forbear 4
forbid 1
force 7
forcibly 1
forehead 1
foreign 6
forests 2
forgeries 1
forget 3
forgot 1
forlorn 1
form 20
formation 1
formd 1
forming 1
forms 2
fortieth 1
fortune 5
forward 3
fought 1
founded 1
fountains 1
fragments 3
frail 1
frailty 1
frame 4
fraud 8
fraught 2
freaks 1
free 10
freeze 1
french 2
frequentation 1
frequented 1
friend 19
friendly 7
friends 9
friendship 2
front 1
frown 1
frownd 3
fruit 1
fulfil 2
full 12
fumes 2
funeral 2
funereal 1
furl 1
fury 3
future 4
gaily 1
gaind 1
gained 3
gales 3
galley 1
galling 1
gaps 1
garments 1
gates 2
gathering 1
gave 13
gaze 2
gazing 1
generally 2
genial 5
genius 5
genuine 2
genuineness 1
germ 1
get 1
giant 1
gifted 1
gilder 1
girl 2
give 8
given 12
gives 5
glides 1
glitterd 1
gloom 1
glorious 3
glory 8
glows 2
gluttons 1
go 7
goat 2
goats 2
goblet 4
goblets 2
goddess 17
goes 1
gore 2
gortyna 1
govern 1
grace 13
gracefulness 1
grammarian 1
grammarians 4
grammaticus 1
grandsons 1
grassy 1
grave 6
greater 3
greatest 4
grecian 12
grecians 1
greek 9
greeks 16
grey 1
grief 12
gross 1
grote 5
grounds 2
groves 1
growth 1
guard 5
guardian 2
guardianship 1
guards 1
guest 16
guides 1
gulfy 2
habits 2
habitual 1
hair 1
haird 1
hairs 2
hall 3
hamlet 1
hammer 1
handling 1
handmaid 2
hands 9
handsomely 1
hapless 1
haply 1
happened 1
happiness 2
happy 3
harmonious 2
has 40
hast 3
haste 9
hastes 2
hasty 1
hate 4
have 73
having 23
header 2
heads 1
hear 6
hearers 1
heartfelt 1
hearts 1
heaven 26
heavenborn 1
heavens 4
heavy 2
hecacombs 1
hector 1
heedless 1
helen 1
hell 2
helps 1
her 67
herald 2
herds 3
hereditary 1
hermaean 1
hero 7
heroic 5
hesiodas 1
hexameter 1
hide 1
hideous 1
hides 2
him 75
himself 10
hint 1
his 313
historian 1
hoarseresounding 1
hoary 4
hold 3
hollow 1
holy 6
homaeopathic 1
homage 1
home 8
homely 2
homeros 2
homerthe 1
homeward 1
honest 1
honour 6
hope 7
hoped 1
hopes 4
horace 1
horn 1
horses 1
hospitable 9
hospitably 1
hours 5
house 3
houses 1
hovering 1
how 25
however 15
humanity 2
humankind 1
humble 2
humour 1
hung 1
hunger 2
hurts 1
hushd 1
hymens 1
hymn 3
hymns 1
hypothesis 5
icarian 1
icarius 4
id 1
idealizednuma 1
ideas 2
identifies 1
idle 2
idly 1
if 52
ignorance 2
ii 1
iliad 32
ilion 2
ilions 4
ill 3
ills 1
ilus 2
image 2
imagination 5
imbrued 1
immeasurable 1
immediately 1
immigrants 1
immortal 6
impartial 2
impatient 3
impending 1
impends 1
impetuous 1
imploring 1
impossible 1
impostor 1
imposture 1
impostures 1
impressions 1
impressionsnay 1
imprints 1
improbable 1
improve 1
improved 1
improves 1
imprudence 1
impulses 3
in 385
inaptly 1
inattention 1
incalculable 1
incased 1
inclined 3
included 2
incongruity 2
inconsistency 2
inconsistent 2
increase 4
increased 1
indebted 1
indecent 1
indeed 6
individual 3
individuals 1
indulge 4
indulgent 1
industry 1
inferior 1
infernal 1
inflicted 1
inflicts 1
informing 1
ingenious 2
ingenuity 4
inglorious 3
ingredient 1
inhabitant 1
inheritance 1
injustice 2
ino 1
inquietudes 1
inquire 3
inquirst 1
inscriptions 1
insensate 1
inserted 1
insinuating 1
insists 1
inspire 5
inspires 2
instinct 1
instruments 2
insults 1
intelligent 1
intention 1
intercept 1
interest 1
internal 2
interpolation 1
interpolations 4
interposed 1
interrogating 1
intonation 1
intonations 1
introduction 2
inured 1
invading 1
inventive 2
investigations 2
inwrought 1
ionia 1
ionian 1
ireful 1
iron 2
irregular 2
is 146
isles 1
issue 3
ithacian 1
itselfa 1
jardan 1
jasons 1
jealous 2
jealously 2
jejune 1
jerusalem 1
jim 1
join 9
joinings 1
jove 20
jovial 3
joys 2
jtinsleypoboxcom 1
judge 5
judicious 1
juster 1
justice 1
kallinus 3
kallinusin 1
keep 4
kept 2
kindled 1
kinds 1
king 17
knee 1
knew 2
knife 1
knight 5
knot 1
know 13
knowledge 10
kuster 1
laborious 2
labour 3
labouring 3
labours 11
lachmanns 2
laid 6
landed 1
landor 1
lands 4
landscape 1
large 4
lashd 1
lasting 2
late 7
latest 1
laughs 1
laver 3
lawless 7
laws 4
lay 8
laying 1
lays 4
lead 3
leads 2
learnedbut 1
learns 1
least 9
leave 7
leaves 1
leaving 1
led 11
left 8
legal 1
lesbian 1
lest 3
libation 1
libations 1
lies 5
lieu 1
life 13
lighted 1
lightly 1
like 26
limbs 4
limits 1
limpid 1
line 6
lineage 4
lineal 1
lion 1
lip 1
lips 1
literature 3
lived 1
livelihood 1
lives 5
loaded 1
loan 1
lodged 1
lofty 3
long 26
longer 2
longing 1
longinus 1
look 4
loose 1
lords 2
lose 1
lost 12
lot 3
loud 3
loved 4
lovedittied 1
loves 4
low 2
lucid 1
lust 2
lustre 3
luxuriant 1
luxurious 1
lycians 1
made 13
maecenas 1
magnificence 2
maids 1
maimed 1
mainspring 1
maintaining 1
maintenance 1
malaes 1
malicious 1
manage 1
mans 1
mantes 1
manuscript 5
manuscripts 8
manylanguaged 1
marble 2
march 1
mariner 1
mark 1
marks 1
marshalling 1
mass 4
massy 1
mast 2
master 2
mate 3
materials 2
maternal 1
matron 3
matrons 2
matter 4
meaning 1
means 6
medical 1
melesigenes 14
mellowing 1
melodious 1
memoirs 1
memorial 1
memory 10
men 21
mentioned 2
message 1
messenger 1
met 5
metal 1
mice 1
mightst 1
mighty 9
mild 8
mind 19
mine 2
minerva 9
minervas 3
minute 6
minutiae 1
miracles 1
mirth 3
mirthful 2
mirths 1
miscalld 1
mischiefs 1
misery 1
misfortune 1
misfortunes 2
mislead 1
mistrusts 1
mockery 1
mockheroic 1
modernism 1
modest 1
moeonides 1
monarchs 1
money 1
monstrous 1
months 1
moon 2
morbid 1
more 51
mortal 5
mortals 1
most 35
mothers 6
motives 1
mould 2
mountains 3
mounts 1
mourn 4
moved 4
mr 4
mure 1
murmur 1
music 2
my 117
myself 1
mystical 1
mythical 1
naked 3
named 6
names 2
naming 1
narrating 1
narrative 4
narrowest 1
natal 3
nation 3
national 4
native 13
nature 9
naval 5
near 3
nearest 1
neator 1
necessaries 1
necessary 2
neck 2
need 1
negative 1
neglect 1
negligence 1
neighbring 1
neign 1
neon 1
neptune 7
nerves 1
nestor 15
never 20
newlyformed 1
night 19
nile 2
nine 3
nitzsch 1
no 45
nobler 1
nobles 1
nobly 1
noemon 1
noise 2
nolong 1
nonexistence 1
nonreading 1
not 80
note 1
noted 1
notice 2
noticed 1
notions 1
novelty 1
now 52
number 4
numerous 3
nuova 1
nuptial 2
nurtured 1
oath 2
obedient 3
obey 5
obeyd 5
obeys 1
object 2
obscure 1
obsequious 2
observance 1
observant 5
obtaining 1
obvious 2
occasion 1
occurrences 1
odins 1
odorous 1
odyssea 1
odysseid 1
odyssey 20
oerfly 1
oerlooks 1
of 922
offering 2
officious 1
offspring 1
oft 2
oil 2
old 26
older 1
olympus 2
omen 1
omens 2
omitting 1
ones 1
only 22
open 3
openings 1
oppose 2
opposing 1
oppress 1
ops 2
or 100
oracle 1
oracles 1
oral 1
ordain 1
order 11
orders 4
original 7
originally 2
orphan 2
others 10
otherwise 1
our 74
ourselves 3
out 15
outline 1
outweighs 1
oval 1
owe 1
oxen 1
pace 2
paid 5
paints 1
pair 3
palace 16
pallas 12
panathenaea 1
paraphrase 1
parody 2
partial 1
particularly 1
particulars 2
parting 3
pass 5
passages 3
passd 4
passion 3
past 2
pastures 1
patch 2
paternal 5
path 1
pathetic 1
paths 1
patience 1
patient 2
patroclus 1
patron 2
pauses 1
pears 1
peasant 1
peisistratid 1
peloponnesian 1
pen 2
pension 1
pensive 2
people 8
peoples 3
perfection 1
perfectly 1
performance 1
performing 1
perhaps 5
perishd 1
permitted 1
perpetually 1
perraultavowed 1
personae 1
personality 2
persuasive 1
pertinacious 1
pervading 1
perverse 1
phaestan 1
phemius 7
phocaea 2
phorcys 1
phrase 1
phraseologya 1
phrontes 2
phrygia 1
phrygian 3
piece 2
piecing 1
pigrees 1
pilgrimages 1
pirous 1
pisenors 1
pisistratus 6
piteous 1
pittance 1
pity 2
places 1
plain 7
plains 2
plaintive 1
planted 1
plato 2
plead 1
pleasure 1
pledge 2
plough 2
plunged 1
pluralist 1
poemsthe 1
poet 18
poetasters 1
poetical 6
poets 9
poggio 1
pointed 1
polished 1
polypheme 1
pompous 2
ponderous 4
pope 6
popular 3
port 5
portion 4
position 3
positive 3
possess 2
possessd 1
possessed 1
possible 3
posterity 4
poverty 2
powerful 6
powers 12
practice 1
praise 6
prayd 2
prayed 1
prayer 5
precede 1
precedents 1
precept 1
precepts 3
preeminent 1
preexisting 2
prefer 1
prejudice 1
prepare 9
prepared 9
prepares 1
preparing 1
presage 1
preserve 1
pretence 1
prey 4
price 5
pride 7
prides 1
princes 3
principles 2
principlesome 1
print 1
probable 1
proceeds 2
procured 1
prodigy 1
produced 1
production 1
profaned 1
profess 1
professed 1
profession 2
profitable 2
profound 1
profusely 1
progeny 1
progress 1
prolegomena 1
promised 3
promising 1
prone 1
pronunciation 1
prophecies 1
prophetic 1
propitious 5
propose 2
proposed 3
prospect 1
prove 8
proved 1
provide 1
prowess 1
prythee 1
psyrian 1
ptolemies 1
public 6
publication 1
publicthey 1
publish 1
published 2
publishers 1
purely 1
purest 1
purple 7
purpose 5
pursued 1
pursuing 1
puts 1
pylein 1
pylian 1
pylians 1
pylos 7
quaff 1
quaint 1
qualified 1
queens 1
quenchd 1
quest 2
question 11
questions 1
quickly 2
quit 2
quite 1
quivering 2
race 17
rage 13
raging 1
railing 1
raise 2
range 2
ranged 1
rapid 7
rare 1
rather 13
ray 3
reach 2
reached 3
readable 1
ready 5
real 4
realize 1
realized 1
rear 2
reason 5
reasonableness 1
rebuked 1
recast 1
receding 1
receive 4
received 6
receiving 1
recently 1
recital 1
recitation 1
recitative 1
recited 3
reciter 1
reciters 1
reclosed 1
recognized 3
reconstruct 1
record 1
records 1
reddening 1
redistributing 1
redress 4
reducing 1
referred 1
refined 3
regal 5
regard 3
regarded 2
region 1
reign 7
reigns 1
rein 1
reins 1
rejects 1
rejoined 1
relate 11
related 2
relating 2
release 1
released 1
relentless 1
relief 1
relies 1
relieved 1
religion 1
reluctant 2
remain 7
remaind 2
remarking 1
remarks 3
remember 1
remodelled 1
remote 5
remove 1
render 1
renew 2
renewd 1
renown 1
repair 5
repairs 3
repass 1
repast 1
repeat 1
repentant 1
replenishd 1
replied 7
replies 12
reply 1
report 1
repossess 1
repress 1
reproduce 1
repulse 1
reputation 4
requisite 2
resembling 1
reserved 3
resides 2
resign 1
resistless 1
resolved 1
resound 3
respect 2
respecting 8
respective 1
resplendent 1
restrain 3
restraint 1
result 7
retentive 1
retire 1
retires 2
retreating 2
return 14
returns 4
reveals 1
revel 3
revenues 1
revere 1
reverend 6
reverse 1
reversed 1
review 2
revised 1
revolving 2
rhapsodies 4
rid 1
ridicule 1
rightful 1
rightlier 1
rim 1
rings 1
riot 8
riotous 1
ripening 1
riper 1
rites 10
rivalled 1
river 1
roam 1
robbd 1
robes 1
rocks 2
roll 5
rolling 2
rolls 2
romances 1
romulus 1
roof 2
rooms 1
rooted 1
rosy 6
round 8
rout 1
roved 1
royal 28
rude 2
rue 1
ruffian 2
rumours 1
run 2
running 1
runs 1
rural 1
rustic 1
ruthless 1
sacrifice 4
sacrificed 1
sad 7
safely 1
safer 1
sagacity 2
sages 2
sailors 3
sanction 1
sand 1
sandals 2
sands 1
sate 8
satires 1
satisfaction 2
savage 2
savour 1
savours 1
saw 3
scaliger 1
scarce 5
scatterd 1
scepticism 6
scholia 1
school 5
scorn 1
scott 1
scourge 1
sculpture 1
seafowl 1
seagirt 1
seald 2
seamen 1
search 3
seat 9
seats 1
secession 1
second 4
securely 3
see 10
seek 11
seeking 2
seemed 1
seized 1
selfdenial 1
selfexistent 1
seneca 2
seneschal 1
senior 2
sense 5
separate 3
serene 1
services 1
setting 2
settle 1
seven 2
seventeenth 1
severe 1
sewer 1
shaded 1
shades 5
shakespere 2
shall 38
shame 3
shatterd 1
shed 3
shelfy 1
shew 1
shine 4
shines 2
ship 6
shipwrecked 1
shores 8
shows 2
shrieking 1
shrilling 2
shroud 1
shut 1
side 6
sides 1
sifted 1
sighs 2
sign 2
silent 4
silken 1
simenides 1
similar 3
simonides 2
simple 1
since 12
sincere 3
singly 1
sings 2
sinking 1
sir 3
sister 1
sixteen 2
sixth 2
sketch 1
skies 9
skill 1
skilld 1
skilled 1
skin 1
sky 9
slaughterd 1
sleep 4
slept 1
slew 1
slow 1
slowly 3
slumbers 1
sly 1
small 3
smaller 1
smallest 1
smile 2
smoked 1
snatch 1
so 51
soars 1
societies 1
socrates 3
soft 4
soil 1
sole 5
solemn 4
solon 4
some 47
son 25
song 11
songs 11
soon 14
soothe 1
soothed 1
soothes 1
sorrow 4
sorrowing 1
soul 23
sour 1
source 2
sources 1
spare 1
sparta 12
spartan 4
speaks 4
spear 3
speeding 2
speedy 1
spent 1
sphere 1
spin 1
spoils 1
spoke 19
spot 1
spotless 2
spots 2
spouse 2
spouseless 1
spouting 1
spread 7
spreading 2
springs 4
sprinkled 1
stain 1
stamp 1
stamped 1
stand 9
standard 2
star 1
starry 1
start 2
starting 1
startling 1
starts 1
stating 1
stay 11
stayd 2
steals 1
steep 1
steer 3
stemmd 1
step 3
steps 6
stern 11
sternly 3
stesichorus 1
stiff 1
stipend 1
stolen 1
stone 2
stood 10
stop 1
stores 10
storms 5
story 5
strain 4
strains 1
strange 4
stranger 9
strangerguest 3
strangers 1
strangling 1
strayd 1
stream 3
streams 2
strengthen 1
stretch 2
stretchd 2
strike 1
stripling 1
stripping 1
stronger 1
structure 1
struggling 1
stubborn 1
studious 7
stupidity 1
style 4
subjected 1
submission 1
submissive 1
subordinate 1
subsequent 1
substantially 2
substantive 1
successful 1
successless 1
such 30
sucked 1
sudden 1
suffer 1
suffering 2
suffice 6
suggested 1
suggesting 1
suggests 1
suit 3
suitable 3
suitor 1
suitorcrowd 1
suitors 10
suitortrain 2
summer 1
sung 3
sup 1
superstitions 1
supplies 5
support 2
supported 1
supposed 4
supposing 1
supreme 1
surcharged 1
sure 11
surefounded 1
surge 1
surpassed 1
surprise 1
surprising 1
surrounds 2
suspects 1
sustenance 1
sweetest 2
swell 1
sylvan 1
symmetry 2
sympathies 1
sympathized 1
systemwhich 1
tables 1
taint 3
take 4
tale 4
talent 2
talk 1
tallure 1
task 6
tasso 1
taste 10
tatters 1
taught 6
taunts 2
teach 1
tear 3
tears 4
tedium 1
teeming 1
teichos 1
telemachus 31
telling 1
temese 1
tempers 1
tendencies 1
tendency 1
tender 4
tenor 2
test 2
texts 1
texture 1
thankful 1
thapproach 1
that 188
theatres 1
themis 2
themselves 4
then 64
thence 4
theodore 1
theories 8
theorists 1
theory 12
there 53
these 43
thessaly 1
they 88
thickens 1
thin 1
thine 5
things 7
thinking 2
this 79
thither 1
those 24
thou 25
though 17
thought 6
thoughtful 2
thoughts 7
thousands 1
thread 1
threat 4
throng 1
throngd 1
throngs 1
through 21
throughout 1
throws 1
thunderer 2
thwart 1
thy 87
tibullus 1
tide 1
till 23
times 9
tiresome 1
title 3
tlepolemus 1
toil 7
toils 8
toilsome 2
tolerably 1
tongue 6
took 8
tools 1
tore 1
torn 3
total 2
touch 2
touching 2
touchstone 1
toward 1
towering 1
town 2
tracks 2
tradition 6
traditional 2
traditionary 1
traditions 2
traitor 2
transcript 1
transform 1
translucent 1
transmitted 1
transported 1
travels 1
tread 2
treads 3
treasure 1
treatise 1
treats 1
trembling 2
trickling 1
tries 1
trifling 1
tristram 1
triumphant 1
trod 1
troop 2
troops 1
trouble 1
troublesome 2
troy 8
trustworthy 2
truth 10
try 2
tumult 1
tumultuous 1
tune 1
tuneful 2
turf 1
turning 2
turningpoint 1
turns 3
twas 4
twelve 1
twenty 2
twice 4
twoedged 1
tydides 2
tyrants 2
tyro 1
tyrrhenia 1
ulysses 42
unable 1
unapparent 1
unbend 1
unblamed 1
unbounded 1
uncertain 1
uncertainty 3
uncompelld 1
under 8
undergo 1
undergone 1
unfolds 1
unforeboding 1
unfortunate 2
unguents 1
uniform 1
union 1
united 1
unjustly 2
unkindly 1
unmarkd 1
unmoord 1
unnumberd 2
unperceived 1
unprosperous 1
unquiet 1
unseen 1
untamed 1
untouchd 2
untutord 1
up 9
urge 6
urged 5
urges 1
urging 1
usage 1
use 7
used 2
usual 2
utility 1
utter 1
v 1
vacant 2
vagrants 1
vaini 1
valour 2
valuable 1
value 4
vanilla 1
vanishes 1
vapour 1
varies 1
various 9
vassals 1
vast 3
veil 2
venal 1
venerable 2
venerates 1
vengeance 8
venial 1
vented 1
vents 1
verbal 2
verge 1
verses 4
vessels 7
vests 1
vestures 1
vexation 1
viands 2
vicissitude 1
vicissitudes 1
vico 1
victim 2
victors 2
viewing 1
views 5
vile 2
vines 1
virgins 1
virginsword 1
virtues 3
visibly 1
vision 3
visit 2
visual 1
volunteers 1
vouch 1
vouchsafed 1
vow 2
vows 5
voyage 7
voyager 2
voyaging 2
waked 1
wall 3
walter 1
wand 1
wander 1
want 2
wanting 3
wanton 1
war 12
warbled 1
warm 1
warms 3
warn 1
warranting 1
wars 2
wartriumphant 1
was 80
wash 1
waste 7
watch 1
watchd 1
waters 4
watery 7
waved 1
waves 2
we 108
wealthy 2
wear 1
wed 1
weeps 1
weighd 1
weight 3
weighty 2
welcome 3
well 11
wellfed 1
welter 1
went 3
wept 1
were 51
west 1
western 3
whateer 1
wheat 2
wheel 1
wheels 2
whelming 1
when 45
wheneer 1
where 27
whereer 1
wherever 1
which 119
while 39
whilst 4
whispers 1
whistle 1
whoeer 2
whole 28
wholesome 1
whom 31
whose 37
wicked 1
wider 1
willd 1
willed 1
willing 2
wills 1
wind 3
winds 6
wines 3
wing 5
wingd 1
wings 2
wisest 1
wishd 2
wishing 2
wit 3
with 304
withdrew 3
within 5
witnessed 1
wives 1
woe 7
wolf 8
wolfian 4
woman 2
wonders 2
wood 2
woods 1
word 7
wordy 1
work 11
working 1
worlds 1
worth 3
worthlessness 1
would 46
wounds 1
wrapped 2
wrath 8
wretch 1
writers 4
writershedelin 1
writings 1
wrote 2
xenophon 2
yards 1
yearn 1
yet 35
yield 2
young 12
youngest 1
youth 24
youthful 7
youths 8
zacynthas 1
